{"/home/remipassmoilesel/projects/companion-kube/build/tests/app-config/AppConfigurationManagerSpec.js":{"path":"/home/remipassmoilesel/projects/companion-kube/build/tests/app-config/AppConfigurationManagerSpec.js","statementMap":{"0":{"start":{"line":2,"column":16},"end":{"line":9,"column":1}},"1":{"start":{"line":3,"column":4},"end":{"line":8,"column":7}},"2":{"start":{"line":4,"column":36},"end":{"line":4,"column":97}},"3":{"start":{"line":4,"column":42},"end":{"line":4,"column":70}},"4":{"start":{"line":4,"column":85},"end":{"line":4,"column":95}},"5":{"start":{"line":5,"column":35},"end":{"line":5,"column":100}},"6":{"start":{"line":5,"column":41},"end":{"line":5,"column":73}},"7":{"start":{"line":5,"column":88},"end":{"line":5,"column":98}},"8":{"start":{"line":6,"column":32},"end":{"line":6,"column":149}},"9":{"start":{"line":6,"column":97},"end":{"line":6,"column":119}},"10":{"start":{"line":7,"column":8},"end":{"line":7,"column":78}},"11":{"start":{"line":10,"column":0},"end":{"line":10,"column":62}},"12":{"start":{"line":11,"column":13},"end":{"line":11,"column":28}},"13":{"start":{"line":12,"column":10},"end":{"line":12,"column":27}},"14":{"start":{"line":13,"column":17},"end":{"line":13,"column":56}},"15":{"start":{"line":14,"column":34},"end":{"line":14,"column":89}},"16":{"start":{"line":15,"column":27},"end":{"line":15,"column":75}},"17":{"start":{"line":16,"column":27},"end":{"line":16,"column":75}},"18":{"start":{"line":17,"column":15},"end":{"line":17,"column":26}},"19":{"start":{"line":18,"column":0},"end":{"line":35,"column":3}},"20":{"start":{"line":19,"column":4},"end":{"line":19,"column":23}},"21":{"start":{"line":20,"column":22},"end":{"line":20,"column":96}},"22":{"start":{"line":21,"column":24},"end":{"line":21,"column":141}},"23":{"start":{"line":22,"column":4},"end":{"line":26,"column":8}},"24":{"start":{"line":22,"column":58},"end":{"line":26,"column":6}},"25":{"start":{"line":23,"column":36},"end":{"line":23,"column":79}},"26":{"start":{"line":24,"column":8},"end":{"line":24,"column":31}},"27":{"start":{"line":25,"column":8},"end":{"line":25,"column":30}},"28":{"start":{"line":27,"column":4},"end":{"line":34,"column":8}},"29":{"start":{"line":27,"column":55},"end":{"line":34,"column":6}},"30":{"start":{"line":28,"column":30},"end":{"line":28,"column":50}},"31":{"start":{"line":29,"column":8},"end":{"line":29,"column":36}},"32":{"start":{"line":30,"column":36},"end":{"line":30,"column":81}},"33":{"start":{"line":31,"column":8},"end":{"line":31,"column":32}},"34":{"start":{"line":32,"column":8},"end":{"line":32,"column":31}},"35":{"start":{"line":33,"column":8},"end":{"line":33,"column":35}}},"fnMap":{"0":{"name":"(anonymous_0)","decl":{"start":{"line":2,"column":44},"end":{"line":2,"column":45}},"loc":{"start":{"line":2,"column":89},"end":{"line":9,"column":1}},"line":2},"1":{"name":"(anonymous_1)","decl":{"start":{"line":3,"column":36},"end":{"line":3,"column":37}},"loc":{"start":{"line":3,"column":63},"end":{"line":8,"column":5}},"line":3},"2":{"name":"fulfilled","decl":{"start":{"line":4,"column":17},"end":{"line":4,"column":26}},"loc":{"start":{"line":4,"column":34},"end":{"line":4,"column":99}},"line":4},"3":{"name":"rejected","decl":{"start":{"line":5,"column":17},"end":{"line":5,"column":25}},"loc":{"start":{"line":5,"column":33},"end":{"line":5,"column":102}},"line":5},"4":{"name":"step","decl":{"start":{"line":6,"column":17},"end":{"line":6,"column":21}},"loc":{"start":{"line":6,"column":30},"end":{"line":6,"column":151}},"line":6},"5":{"name":"(anonymous_5)","decl":{"start":{"line":6,"column":76},"end":{"line":6,"column":77}},"loc":{"start":{"line":6,"column":95},"end":{"line":6,"column":121}},"line":6},"6":{"name":"(anonymous_6)","decl":{"start":{"line":18,"column":43},"end":{"line":18,"column":44}},"loc":{"start":{"line":18,"column":55},"end":{"line":35,"column":1}},"line":18},"7":{"name":"(anonymous_7)","decl":{"start":{"line":22,"column":52},"end":{"line":22,"column":53}},"loc":{"start":{"line":22,"column":58},"end":{"line":26,"column":6}},"line":22},"8":{"name":"(anonymous_8)","decl":{"start":{"line":22,"column":90},"end":{"line":22,"column":91}},"loc":{"start":{"line":22,"column":103},"end":{"line":26,"column":5}},"line":22},"9":{"name":"(anonymous_9)","decl":{"start":{"line":27,"column":49},"end":{"line":27,"column":50}},"loc":{"start":{"line":27,"column":55},"end":{"line":34,"column":6}},"line":27},"10":{"name":"(anonymous_10)","decl":{"start":{"line":27,"column":87},"end":{"line":27,"column":88}},"loc":{"start":{"line":27,"column":100},"end":{"line":34,"column":5}},"line":27}},"branchMap":{"0":{"loc":{"start":{"line":2,"column":16},"end":{"line":9,"column":1}},"type":"binary-expr","locations":[{"start":{"line":2,"column":17},"end":{"line":2,"column":21}},{"start":{"line":2,"column":25},"end":{"line":2,"column":39}},{"start":{"line":2,"column":44},"end":{"line":9,"column":1}}],"line":2},"1":{"loc":{"start":{"line":3,"column":16},"end":{"line":3,"column":34}},"type":"binary-expr","locations":[{"start":{"line":3,"column":16},"end":{"line":3,"column":17}},{"start":{"line":3,"column":22},"end":{"line":3,"column":33}}],"line":3},"2":{"loc":{"start":{"line":6,"column":32},"end":{"line":6,"column":148}},"type":"cond-expr","locations":[{"start":{"line":6,"column":46},"end":{"line":6,"column":67}},{"start":{"line":6,"column":70},"end":{"line":6,"column":148}}],"line":6},"3":{"loc":{"start":{"line":7,"column":51},"end":{"line":7,"column":67}},"type":"binary-expr","locations":[{"start":{"line":7,"column":51},"end":{"line":7,"column":61}},{"start":{"line":7,"column":65},"end":{"line":7,"column":67}}],"line":7}},"s":{"0":1,"1":2,"2":2,"3":2,"4":0,"5":0,"6":0,"7":0,"8":4,"9":2,"10":2,"11":1,"12":1,"13":1,"14":1,"15":1,"16":1,"17":1,"18":1,"19":1,"20":1,"21":1,"22":1,"23":1,"24":1,"25":1,"26":1,"27":1,"28":1,"29":1,"30":1,"31":1,"32":1,"33":1,"34":1,"35":1},"f":{"0":2,"1":2,"2":2,"3":0,"4":4,"5":2,"6":1,"7":1,"8":1,"9":1,"10":1},"b":{"0":[1,1,1],"1":[2,2],"2":[2,2],"3":[2,2]},"_coverageSchema":"332fd63041d2c1bcb487cc26dd0d5f7d97098a6c","hash":"f63aa7a1081d8ba3dffbc3a8c21007b2804c8b20","contentHash":"900d8f9aab78553be91f618a794cda12_11.6.0"},"/home/remipassmoilesel/projects/companion-kube/build/lib/main-config/config.js":{"path":"/home/remipassmoilesel/projects/companion-kube/build/lib/main-config/config.js","statementMap":{"0":{"start":{"line":2,"column":0},"end":{"line":2,"column":62}},"1":{"start":{"line":3,"column":13},"end":{"line":3,"column":28}},"2":{"start":{"line":4,"column":11},"end":{"line":4,"column":24}},"3":{"start":{"line":5,"column":15},"end":{"line":5,"column":32}},"4":{"start":{"line":6,"column":24},"end":{"line":6,"column":65}},"5":{"start":{"line":7,"column":20},"end":{"line":7,"column":61}},"6":{"start":{"line":8,"column":0},"end":{"line":8,"column":95}},"7":{"start":{"line":9,"column":20},"end":{"line":9,"column":67}},"8":{"start":{"line":10,"column":0},"end":{"line":19,"column":2}}},"fnMap":{},"branchMap":{},"s":{"0":1,"1":1,"2":1,"3":1,"4":1,"5":1,"6":1,"7":1,"8":1},"f":{},"b":{},"_coverageSchema":"332fd63041d2c1bcb487cc26dd0d5f7d97098a6c","hash":"f9f3d98e9b9d2c6016d27563854359676eae4af0","contentHash":"6a9be9dd1c9f673db8a4fad5470d6ec9_11.6.0"},"/home/remipassmoilesel/projects/companion-kube/build/lib/prerequisites/prerequisites.js":{"path":"/home/remipassmoilesel/projects/companion-kube/build/lib/prerequisites/prerequisites.js","statementMap":{"0":{"start":{"line":2,"column":0},"end":{"line":2,"column":62}},"1":{"start":{"line":3,"column":0},"end":{"line":20,"column":2}}},"fnMap":{},"branchMap":{},"s":{"0":1,"1":1},"f":{},"b":{},"_coverageSchema":"332fd63041d2c1bcb487cc26dd0d5f7d97098a6c","hash":"78ef78df23bfc0966b59f4a8cfb44d7d097e2688","contentHash":"81eb9039df26bfa4af43b0cd18f13629_11.6.0"},"/home/remipassmoilesel/projects/companion-kube/build/lib/app-config/AppConfigurationManager.js":{"path":"/home/remipassmoilesel/projects/companion-kube/build/lib/app-config/AppConfigurationManager.js","statementMap":{"0":{"start":{"line":2,"column":16},"end":{"line":9,"column":1}},"1":{"start":{"line":3,"column":4},"end":{"line":8,"column":7}},"2":{"start":{"line":4,"column":36},"end":{"line":4,"column":97}},"3":{"start":{"line":4,"column":42},"end":{"line":4,"column":70}},"4":{"start":{"line":4,"column":85},"end":{"line":4,"column":95}},"5":{"start":{"line":5,"column":35},"end":{"line":5,"column":100}},"6":{"start":{"line":5,"column":41},"end":{"line":5,"column":73}},"7":{"start":{"line":5,"column":88},"end":{"line":5,"column":98}},"8":{"start":{"line":6,"column":32},"end":{"line":6,"column":149}},"9":{"start":{"line":6,"column":97},"end":{"line":6,"column":119}},"10":{"start":{"line":7,"column":8},"end":{"line":7,"column":78}},"11":{"start":{"line":10,"column":0},"end":{"line":10,"column":62}},"12":{"start":{"line":11,"column":10},"end":{"line":11,"column":27}},"13":{"start":{"line":12,"column":13},"end":{"line":12,"column":28}},"14":{"start":{"line":13,"column":12},"end":{"line":13,"column":26}},"15":{"start":{"line":14,"column":15},"end":{"line":14,"column":30}},"16":{"start":{"line":15,"column":25},"end":{"line":15,"column":52}},"17":{"start":{"line":16,"column":27},"end":{"line":16,"column":56}},"18":{"start":{"line":17,"column":20},"end":{"line":17,"column":69}},"19":{"start":{"line":21,"column":8},"end":{"line":21,"column":37}},"20":{"start":{"line":22,"column":8},"end":{"line":22,"column":48}},"21":{"start":{"line":23,"column":8},"end":{"line":23,"column":44}},"22":{"start":{"line":27,"column":8},"end":{"line":30,"column":11}},"23":{"start":{"line":28,"column":32},"end":{"line":28,"column":74}},"24":{"start":{"line":29,"column":12},"end":{"line":29,"column":67}},"25":{"start":{"line":33,"column":8},"end":{"line":42,"column":11}},"26":{"start":{"line":34,"column":24},"end":{"line":34,"column":82}},"27":{"start":{"line":35,"column":24},"end":{"line":35,"column":71}},"28":{"start":{"line":36,"column":12},"end":{"line":40,"column":13}},"29":{"start":{"line":37,"column":28},"end":{"line":37,"column":64}},"30":{"start":{"line":38,"column":16},"end":{"line":38,"column":47}},"31":{"start":{"line":39,"column":16},"end":{"line":39,"column":26}},"32":{"start":{"line":41,"column":12},"end":{"line":41,"column":23}},"33":{"start":{"line":45,"column":8},"end":{"line":50,"column":11}},"34":{"start":{"line":46,"column":39},"end":{"line":46,"column":104}},"35":{"start":{"line":47,"column":28},"end":{"line":47,"column":60}},"36":{"start":{"line":48,"column":27},"end":{"line":48,"column":52}},"37":{"start":{"line":49,"column":12},"end":{"line":49,"column":39}},"38":{"start":{"line":53,"column":8},"end":{"line":74,"column":11}},"39":{"start":{"line":54,"column":26},"end":{"line":54,"column":28}},"40":{"start":{"line":55,"column":28},"end":{"line":55,"column":30}},"41":{"start":{"line":56,"column":12},"end":{"line":69,"column":13}},"42":{"start":{"line":57,"column":31},"end":{"line":57,"column":50}},"43":{"start":{"line":58,"column":44},"end":{"line":58,"column":77}},"44":{"start":{"line":59,"column":16},"end":{"line":59,"column":64}},"45":{"start":{"line":60,"column":16},"end":{"line":68,"column":17}},"46":{"start":{"line":61,"column":20},"end":{"line":61,"column":39}},"47":{"start":{"line":64,"column":20},"end":{"line":67,"column":23}},"48":{"start":{"line":70,"column":12},"end":{"line":73,"column":14}},"49":{"start":{"line":77,"column":21},"end":{"line":80,"column":10}},"50":{"start":{"line":81,"column":8},"end":{"line":81,"column":26}},"51":{"start":{"line":84,"column":8},"end":{"line":84,"column":54}},"52":{"start":{"line":85,"column":30},"end":{"line":85,"column":56}},"53":{"start":{"line":86,"column":8},"end":{"line":88,"column":9}},"54":{"start":{"line":87,"column":12},"end":{"line":87,"column":63}},"55":{"start":{"line":89,"column":8},"end":{"line":89,"column":36}},"56":{"start":{"line":90,"column":8},"end":{"line":90,"column":87}},"57":{"start":{"line":91,"column":8},"end":{"line":99,"column":9}},"58":{"start":{"line":92,"column":12},"end":{"line":92,"column":56}},"59":{"start":{"line":94,"column":13},"end":{"line":99,"column":9}},"60":{"start":{"line":95,"column":12},"end":{"line":95,"column":56}},"61":{"start":{"line":98,"column":12},"end":{"line":98,"column":60}},"62":{"start":{"line":102,"column":8},"end":{"line":102,"column":88}},"63":{"start":{"line":105,"column":8},"end":{"line":105,"column":88}},"64":{"start":{"line":108,"column":28},"end":{"line":108,"column":104}},"65":{"start":{"line":108,"column":58},"end":{"line":108,"column":103}},"66":{"start":{"line":109,"column":28},"end":{"line":109,"column":104}},"67":{"start":{"line":109,"column":58},"end":{"line":109,"column":103}},"68":{"start":{"line":110,"column":21},"end":{"line":110,"column":101}},"69":{"start":{"line":110,"column":51},"end":{"line":110,"column":100}},"70":{"start":{"line":111,"column":8},"end":{"line":115,"column":10}},"71":{"start":{"line":118,"column":0},"end":{"line":118,"column":55}},"72":{"start":{"line":119,"column":0},"end":{"line":119,"column":66}},"73":{"start":{"line":120,"column":0},"end":{"line":120,"column":39}},"74":{"start":{"line":121,"column":0},"end":{"line":121,"column":58}}},"fnMap":{"0":{"name":"(anonymous_0)","decl":{"start":{"line":2,"column":44},"end":{"line":2,"column":45}},"loc":{"start":{"line":2,"column":89},"end":{"line":9,"column":1}},"line":2},"1":{"name":"(anonymous_1)","decl":{"start":{"line":3,"column":36},"end":{"line":3,"column":37}},"loc":{"start":{"line":3,"column":63},"end":{"line":8,"column":5}},"line":3},"2":{"name":"fulfilled","decl":{"start":{"line":4,"column":17},"end":{"line":4,"column":26}},"loc":{"start":{"line":4,"column":34},"end":{"line":4,"column":99}},"line":4},"3":{"name":"rejected","decl":{"start":{"line":5,"column":17},"end":{"line":5,"column":25}},"loc":{"start":{"line":5,"column":33},"end":{"line":5,"column":102}},"line":5},"4":{"name":"step","decl":{"start":{"line":6,"column":17},"end":{"line":6,"column":21}},"loc":{"start":{"line":6,"column":30},"end":{"line":6,"column":151}},"line":6},"5":{"name":"(anonymous_5)","decl":{"start":{"line":6,"column":76},"end":{"line":6,"column":77}},"loc":{"start":{"line":6,"column":95},"end":{"line":6,"column":121}},"line":6},"6":{"name":"(anonymous_6)","decl":{"start":{"line":20,"column":4},"end":{"line":20,"column":5}},"loc":{"start":{"line":20,"column":28},"end":{"line":24,"column":5}},"line":20},"7":{"name":"(anonymous_7)","decl":{"start":{"line":26,"column":4},"end":{"line":26,"column":5}},"loc":{"start":{"line":26,"column":54},"end":{"line":31,"column":5}},"line":26},"8":{"name":"(anonymous_8)","decl":{"start":{"line":27,"column":47},"end":{"line":27,"column":48}},"loc":{"start":{"line":27,"column":60},"end":{"line":30,"column":9}},"line":27},"9":{"name":"(anonymous_9)","decl":{"start":{"line":32,"column":4},"end":{"line":32,"column":5}},"loc":{"start":{"line":32,"column":49},"end":{"line":43,"column":5}},"line":32},"10":{"name":"(anonymous_10)","decl":{"start":{"line":33,"column":47},"end":{"line":33,"column":48}},"loc":{"start":{"line":33,"column":60},"end":{"line":42,"column":9}},"line":33},"11":{"name":"(anonymous_11)","decl":{"start":{"line":44,"column":4},"end":{"line":44,"column":5}},"loc":{"start":{"line":44,"column":27},"end":{"line":51,"column":5}},"line":44},"12":{"name":"(anonymous_12)","decl":{"start":{"line":45,"column":47},"end":{"line":45,"column":48}},"loc":{"start":{"line":45,"column":60},"end":{"line":50,"column":9}},"line":45},"13":{"name":"(anonymous_13)","decl":{"start":{"line":52,"column":4},"end":{"line":52,"column":5}},"loc":{"start":{"line":52,"column":47},"end":{"line":75,"column":5}},"line":52},"14":{"name":"(anonymous_14)","decl":{"start":{"line":53,"column":47},"end":{"line":53,"column":48}},"loc":{"start":{"line":53,"column":60},"end":{"line":74,"column":9}},"line":53},"15":{"name":"(anonymous_15)","decl":{"start":{"line":76,"column":4},"end":{"line":76,"column":5}},"loc":{"start":{"line":76,"column":42},"end":{"line":82,"column":5}},"line":76},"16":{"name":"(anonymous_16)","decl":{"start":{"line":83,"column":4},"end":{"line":83,"column":5}},"loc":{"start":{"line":83,"column":44},"end":{"line":100,"column":5}},"line":83},"17":{"name":"(anonymous_17)","decl":{"start":{"line":101,"column":4},"end":{"line":101,"column":5}},"loc":{"start":{"line":101,"column":22},"end":{"line":103,"column":5}},"line":101},"18":{"name":"(anonymous_18)","decl":{"start":{"line":104,"column":4},"end":{"line":104,"column":5}},"loc":{"start":{"line":104,"column":22},"end":{"line":106,"column":5}},"line":104},"19":{"name":"(anonymous_19)","decl":{"start":{"line":107,"column":4},"end":{"line":107,"column":5}},"loc":{"start":{"line":107,"column":33},"end":{"line":116,"column":5}},"line":107},"20":{"name":"(anonymous_20)","decl":{"start":{"line":108,"column":49},"end":{"line":108,"column":50}},"loc":{"start":{"line":108,"column":58},"end":{"line":108,"column":103}},"line":108},"21":{"name":"(anonymous_21)","decl":{"start":{"line":109,"column":49},"end":{"line":109,"column":50}},"loc":{"start":{"line":109,"column":58},"end":{"line":109,"column":103}},"line":109},"22":{"name":"(anonymous_22)","decl":{"start":{"line":110,"column":42},"end":{"line":110,"column":43}},"loc":{"start":{"line":110,"column":51},"end":{"line":110,"column":100}},"line":110}},"branchMap":{"0":{"loc":{"start":{"line":2,"column":16},"end":{"line":9,"column":1}},"type":"binary-expr","locations":[{"start":{"line":2,"column":17},"end":{"line":2,"column":21}},{"start":{"line":2,"column":25},"end":{"line":2,"column":39}},{"start":{"line":2,"column":44},"end":{"line":9,"column":1}}],"line":2},"1":{"loc":{"start":{"line":3,"column":16},"end":{"line":3,"column":34}},"type":"binary-expr","locations":[{"start":{"line":3,"column":16},"end":{"line":3,"column":17}},{"start":{"line":3,"column":22},"end":{"line":3,"column":33}}],"line":3},"2":{"loc":{"start":{"line":6,"column":32},"end":{"line":6,"column":148}},"type":"cond-expr","locations":[{"start":{"line":6,"column":46},"end":{"line":6,"column":67}},{"start":{"line":6,"column":70},"end":{"line":6,"column":148}}],"line":6},"3":{"loc":{"start":{"line":7,"column":51},"end":{"line":7,"column":67}},"type":"binary-expr","locations":[{"start":{"line":7,"column":51},"end":{"line":7,"column":61}},{"start":{"line":7,"column":65},"end":{"line":7,"column":67}}],"line":7},"4":{"loc":{"start":{"line":36,"column":12},"end":{"line":40,"column":13}},"type":"if","locations":[{"start":{"line":36,"column":12},"end":{"line":40,"column":13}},{"start":{"line":36,"column":12},"end":{"line":40,"column":13}}],"line":36},"5":{"loc":{"start":{"line":60,"column":16},"end":{"line":68,"column":17}},"type":"if","locations":[{"start":{"line":60,"column":16},"end":{"line":68,"column":17}},{"start":{"line":60,"column":16},"end":{"line":68,"column":17}}],"line":60},"6":{"loc":{"start":{"line":86,"column":8},"end":{"line":88,"column":9}},"type":"if","locations":[{"start":{"line":86,"column":8},"end":{"line":88,"column":9}},{"start":{"line":86,"column":8},"end":{"line":88,"column":9}}],"line":86},"7":{"loc":{"start":{"line":91,"column":8},"end":{"line":99,"column":9}},"type":"if","locations":[{"start":{"line":91,"column":8},"end":{"line":99,"column":9}},{"start":{"line":91,"column":8},"end":{"line":99,"column":9}}],"line":91},"8":{"loc":{"start":{"line":94,"column":13},"end":{"line":99,"column":9}},"type":"if","locations":[{"start":{"line":94,"column":13},"end":{"line":99,"column":9}},{"start":{"line":94,"column":13},"end":{"line":99,"column":9}}],"line":94}},"s":{"0":1,"1":2,"2":2,"3":2,"4":0,"5":0,"6":0,"7":0,"8":4,"9":2,"10":2,"11":1,"12":1,"13":1,"14":1,"15":1,"16":1,"17":1,"18":1,"19":2,"20":2,"21":2,"22":0,"23":0,"24":0,"25":0,"26":0,"27":0,"28":0,"29":0,"30":0,"31":0,"32":0,"33":2,"34":2,"35":2,"36":2,"37":2,"38":0,"39":0,"40":0,"41":0,"42":0,"43":0,"44":0,"45":0,"46":0,"47":0,"48":0,"49":0,"50":0,"51":0,"52":0,"53":0,"54":0,"55":0,"56":0,"57":0,"58":0,"59":0,"60":0,"61":0,"62":0,"63":0,"64":0,"65":0,"66":0,"67":0,"68":0,"69":0,"70":0,"71":1,"72":1,"73":1,"74":1},"f":{"0":2,"1":2,"2":2,"3":0,"4":4,"5":2,"6":2,"7":0,"8":0,"9":0,"10":0,"11":2,"12":2,"13":0,"14":0,"15":0,"16":0,"17":0,"18":0,"19":0,"20":0,"21":0,"22":0},"b":{"0":[1,1,1],"1":[2,2],"2":[2,2],"3":[2,2],"4":[0,0],"5":[0,0],"6":[0,0],"7":[0,0],"8":[0,0]},"_coverageSchema":"332fd63041d2c1bcb487cc26dd0d5f7d97098a6c","hash":"d10d8f864f6dcd1f7099114910a05d0080ccc7cf","contentHash":"9a555ad4692f531b14e128d32e8203f6_11.6.0"},"/home/remipassmoilesel/projects/companion-kube/build/lib/app-config/appConfigTypes.js":{"path":"/home/remipassmoilesel/projects/companion-kube/build/lib/app-config/appConfigTypes.js","statementMap":{"0":{"start":{"line":3,"column":0},"end":{"line":3,"column":62}},"1":{"start":{"line":5,"column":0},"end":{"line":10,"column":56}},"2":{"start":{"line":6,"column":4},"end":{"line":6,"column":35}},"3":{"start":{"line":7,"column":4},"end":{"line":7,"column":43}},"4":{"start":{"line":8,"column":4},"end":{"line":8,"column":35}},"5":{"start":{"line":9,"column":4},"end":{"line":9,"column":27}}},"fnMap":{"0":{"name":"(anonymous_0)","decl":{"start":{"line":5,"column":1},"end":{"line":5,"column":2}},"loc":{"start":{"line":5,"column":20},"end":{"line":10,"column":1}},"line":5}},"branchMap":{"0":{"loc":{"start":{"line":10,"column":13},"end":{"line":10,"column":54}},"type":"binary-expr","locations":[{"start":{"line":10,"column":13},"end":{"line":10,"column":28}},{"start":{"line":10,"column":33},"end":{"line":10,"column":53}}],"line":10}},"s":{"0":1,"1":1,"2":1,"3":1,"4":1,"5":1},"f":{"0":1},"b":{"0":[1,1]},"_coverageSchema":"332fd63041d2c1bcb487cc26dd0d5f7d97098a6c","hash":"47bd4b4c588c1c4f1bdc1d073e419e7d0430e05b","contentHash":"402d9725f37c3bf791145c327b6808df_11.6.0"},"/home/remipassmoilesel/projects/companion-kube/build/lib/app-config/appConfigSchemas.js":{"path":"/home/remipassmoilesel/projects/companion-kube/build/lib/app-config/appConfigSchemas.js","statementMap":{"0":{"start":{"line":2,"column":0},"end":{"line":2,"column":62}},"1":{"start":{"line":13,"column":8},"end":{"line":213,"column":10}},"2":{"start":{"line":216,"column":0},"end":{"line":216,"column":42}}},"fnMap":{"0":{"name":"(anonymous_0)","decl":{"start":{"line":4,"column":4},"end":{"line":4,"column":5}},"loc":{"start":{"line":4,"column":18},"end":{"line":214,"column":5}},"line":4}},"branchMap":{},"s":{"0":1,"1":2,"2":1},"f":{"0":2},"b":{},"_coverageSchema":"332fd63041d2c1bcb487cc26dd0d5f7d97098a6c","hash":"ef9c3b4c989a99501991243dfbb1a950b7521c9c","contentHash":"4afcac0f083689a7574a16c1a1ab6e72_11.6.0"},"/home/remipassmoilesel/projects/companion-kube/build/lib/app-config/appConfigExample.js":{"path":"/home/remipassmoilesel/projects/companion-kube/build/lib/app-config/appConfigExample.js","statementMap":{"0":{"start":{"line":2,"column":0},"end":{"line":2,"column":62}},"1":{"start":{"line":3,"column":25},"end":{"line":3,"column":52}},"2":{"start":{"line":4,"column":0},"end":{"line":52,"column":2}}},"fnMap":{},"branchMap":{},"s":{"0":1,"1":1,"2":1},"f":{},"b":{},"_coverageSchema":"332fd63041d2c1bcb487cc26dd0d5f7d97098a6c","hash":"2fd4b2c9e155d96b9c36fa487c4479a15ad00d95","contentHash":"057772c3201b93ac2b4c25d253c5f667_11.6.0"},"/home/remipassmoilesel/projects/companion-kube/build/lib/app-config/AppConfigHelpers.js":{"path":"/home/remipassmoilesel/projects/companion-kube/build/lib/app-config/AppConfigHelpers.js","statementMap":{"0":{"start":{"line":2,"column":0},"end":{"line":2,"column":62}},"1":{"start":{"line":3,"column":10},"end":{"line":3,"column":27}},"2":{"start":{"line":6,"column":28},"end":{"line":6,"column":40}},"3":{"start":{"line":7,"column":8},"end":{"line":7,"column":30}},"4":{"start":{"line":8,"column":8},"end":{"line":8,"column":36}},"5":{"start":{"line":9,"column":8},"end":{"line":9,"column":38}},"6":{"start":{"line":10,"column":8},"end":{"line":10,"column":32}},"7":{"start":{"line":11,"column":8},"end":{"line":11,"column":27}},"8":{"start":{"line":14,"column":0},"end":{"line":14,"column":44}}},"fnMap":{"0":{"name":"(anonymous_0)","decl":{"start":{"line":5,"column":4},"end":{"line":5,"column":5}},"loc":{"start":{"line":5,"column":34},"end":{"line":12,"column":5}},"line":5}},"branchMap":{},"s":{"0":1,"1":1,"2":1,"3":1,"4":1,"5":1,"6":1,"7":1,"8":1},"f":{"0":1},"b":{},"_coverageSchema":"332fd63041d2c1bcb487cc26dd0d5f7d97098a6c","hash":"f2b1ce19af7ca2dff8cb63317f5aaa07ef3f3d55","contentHash":"e319905751864c6f064058f5e55f08ea_11.6.0"},"/home/remipassmoilesel/projects/companion-kube/build/tests/CliSpec.js":{"path":"/home/remipassmoilesel/projects/companion-kube/build/tests/CliSpec.js","statementMap":{"0":{"start":{"line":2,"column":16},"end":{"line":9,"column":1}},"1":{"start":{"line":3,"column":4},"end":{"line":8,"column":7}},"2":{"start":{"line":4,"column":36},"end":{"line":4,"column":97}},"3":{"start":{"line":4,"column":42},"end":{"line":4,"column":70}},"4":{"start":{"line":4,"column":85},"end":{"line":4,"column":95}},"5":{"start":{"line":5,"column":35},"end":{"line":5,"column":100}},"6":{"start":{"line":5,"column":41},"end":{"line":5,"column":73}},"7":{"start":{"line":5,"column":88},"end":{"line":5,"column":98}},"8":{"start":{"line":6,"column":32},"end":{"line":6,"column":149}},"9":{"start":{"line":6,"column":97},"end":{"line":6,"column":119}},"10":{"start":{"line":7,"column":8},"end":{"line":7,"column":78}},"11":{"start":{"line":10,"column":0},"end":{"line":10,"column":62}},"12":{"start":{"line":11,"column":13},"end":{"line":11,"column":28}},"13":{"start":{"line":12,"column":14},"end":{"line":12,"column":30}},"14":{"start":{"line":13,"column":26},"end":{"line":13,"column":64}},"15":{"start":{"line":14,"column":14},"end":{"line":14,"column":35}},"16":{"start":{"line":15,"column":17},"end":{"line":15,"column":53}},"17":{"start":{"line":16,"column":14},"end":{"line":16,"column":35}},"18":{"start":{"line":17,"column":15},"end":{"line":17,"column":26}},"19":{"start":{"line":18,"column":0},"end":{"line":43,"column":3}},"20":{"start":{"line":19,"column":4},"end":{"line":19,"column":23}},"21":{"start":{"line":20,"column":24},"end":{"line":20,"column":63}},"22":{"start":{"line":21,"column":21},"end":{"line":21,"column":59}},"23":{"start":{"line":22,"column":24},"end":{"line":22,"column":36}},"24":{"start":{"line":23,"column":16},"end":{"line":23,"column":63}},"25":{"start":{"line":24,"column":16},"end":{"line":24,"column":81}},"26":{"start":{"line":25,"column":21},"end":{"line":28,"column":5}},"27":{"start":{"line":29,"column":24},"end":{"line":34,"column":5}},"28":{"start":{"line":30,"column":8},"end":{"line":30,"column":51}},"29":{"start":{"line":31,"column":22},"end":{"line":31,"column":55}},"30":{"start":{"line":32,"column":8},"end":{"line":32,"column":40}},"31":{"start":{"line":33,"column":8},"end":{"line":33,"column":44}},"32":{"start":{"line":35,"column":4},"end":{"line":37,"column":7}},"33":{"start":{"line":36,"column":8},"end":{"line":36,"column":35}},"34":{"start":{"line":38,"column":4},"end":{"line":42,"column":8}},"35":{"start":{"line":38,"column":49},"end":{"line":42,"column":6}},"36":{"start":{"line":39,"column":21},"end":{"line":39,"column":40}},"37":{"start":{"line":40,"column":8},"end":{"line":40,"column":38}},"38":{"start":{"line":41,"column":8},"end":{"line":41,"column":65}}},"fnMap":{"0":{"name":"(anonymous_0)","decl":{"start":{"line":2,"column":44},"end":{"line":2,"column":45}},"loc":{"start":{"line":2,"column":89},"end":{"line":9,"column":1}},"line":2},"1":{"name":"(anonymous_1)","decl":{"start":{"line":3,"column":36},"end":{"line":3,"column":37}},"loc":{"start":{"line":3,"column":63},"end":{"line":8,"column":5}},"line":3},"2":{"name":"fulfilled","decl":{"start":{"line":4,"column":17},"end":{"line":4,"column":26}},"loc":{"start":{"line":4,"column":34},"end":{"line":4,"column":99}},"line":4},"3":{"name":"rejected","decl":{"start":{"line":5,"column":17},"end":{"line":5,"column":25}},"loc":{"start":{"line":5,"column":33},"end":{"line":5,"column":102}},"line":5},"4":{"name":"step","decl":{"start":{"line":6,"column":17},"end":{"line":6,"column":21}},"loc":{"start":{"line":6,"column":30},"end":{"line":6,"column":151}},"line":6},"5":{"name":"(anonymous_5)","decl":{"start":{"line":6,"column":76},"end":{"line":6,"column":77}},"loc":{"start":{"line":6,"column":95},"end":{"line":6,"column":121}},"line":6},"6":{"name":"(anonymous_6)","decl":{"start":{"line":18,"column":23},"end":{"line":18,"column":24}},"loc":{"start":{"line":18,"column":35},"end":{"line":43,"column":1}},"line":18},"7":{"name":"(anonymous_7)","decl":{"start":{"line":29,"column":24},"end":{"line":29,"column":25}},"loc":{"start":{"line":29,"column":36},"end":{"line":34,"column":5}},"line":29},"8":{"name":"(anonymous_8)","decl":{"start":{"line":35,"column":14},"end":{"line":35,"column":15}},"loc":{"start":{"line":35,"column":20},"end":{"line":37,"column":5}},"line":35},"9":{"name":"(anonymous_9)","decl":{"start":{"line":38,"column":43},"end":{"line":38,"column":44}},"loc":{"start":{"line":38,"column":49},"end":{"line":42,"column":6}},"line":38},"10":{"name":"(anonymous_10)","decl":{"start":{"line":38,"column":81},"end":{"line":38,"column":82}},"loc":{"start":{"line":38,"column":94},"end":{"line":42,"column":5}},"line":38}},"branchMap":{"0":{"loc":{"start":{"line":2,"column":16},"end":{"line":9,"column":1}},"type":"binary-expr","locations":[{"start":{"line":2,"column":17},"end":{"line":2,"column":21}},{"start":{"line":2,"column":25},"end":{"line":2,"column":39}},{"start":{"line":2,"column":44},"end":{"line":9,"column":1}}],"line":2},"1":{"loc":{"start":{"line":3,"column":16},"end":{"line":3,"column":34}},"type":"binary-expr","locations":[{"start":{"line":3,"column":16},"end":{"line":3,"column":17}},{"start":{"line":3,"column":22},"end":{"line":3,"column":33}}],"line":3},"2":{"loc":{"start":{"line":6,"column":32},"end":{"line":6,"column":148}},"type":"cond-expr","locations":[{"start":{"line":6,"column":46},"end":{"line":6,"column":67}},{"start":{"line":6,"column":70},"end":{"line":6,"column":148}}],"line":6},"3":{"loc":{"start":{"line":7,"column":51},"end":{"line":7,"column":67}},"type":"binary-expr","locations":[{"start":{"line":7,"column":51},"end":{"line":7,"column":61}},{"start":{"line":7,"column":65},"end":{"line":7,"column":67}}],"line":7}},"s":{"0":1,"1":1,"2":1,"3":1,"4":0,"5":0,"6":0,"7":0,"8":2,"9":1,"10":1,"11":1,"12":1,"13":1,"14":1,"15":1,"16":1,"17":1,"18":1,"19":1,"20":1,"21":1,"22":1,"23":1,"24":1,"25":1,"26":1,"27":1,"28":1,"29":1,"30":1,"31":1,"32":1,"33":1,"34":1,"35":1,"36":1,"37":1,"38":1},"f":{"0":1,"1":1,"2":1,"3":0,"4":2,"5":1,"6":1,"7":1,"8":1,"9":1,"10":1},"b":{"0":[1,1,1],"1":[1,1],"2":[1,1],"3":[1,1]},"_coverageSchema":"332fd63041d2c1bcb487cc26dd0d5f7d97098a6c","hash":"4863d5be76534c9d414f18838c10bd060cc9bb6e","contentHash":"f5955cc50dff8bdea67b0b98886cf479_11.6.0"},"/home/remipassmoilesel/projects/companion-kube/build/lib/misc/CommandExecutor.js":{"path":"/home/remipassmoilesel/projects/companion-kube/build/lib/misc/CommandExecutor.js","statementMap":{"0":{"start":{"line":2,"column":0},"end":{"line":2,"column":62}},"1":{"start":{"line":3,"column":10},"end":{"line":3,"column":27}},"2":{"start":{"line":4,"column":24},"end":{"line":4,"column":48}},"3":{"start":{"line":7,"column":8},"end":{"line":34,"column":11}},"4":{"start":{"line":8,"column":31},"end":{"line":8,"column":69}},"5":{"start":{"line":9,"column":30},"end":{"line":9,"column":85}},"6":{"start":{"line":10,"column":28},"end":{"line":10,"column":30}},"7":{"start":{"line":11,"column":28},"end":{"line":11,"column":30}},"8":{"start":{"line":12,"column":12},"end":{"line":17,"column":15}},"9":{"start":{"line":13,"column":16},"end":{"line":13,"column":45}},"10":{"start":{"line":14,"column":16},"end":{"line":16,"column":17}},"11":{"start":{"line":15,"column":20},"end":{"line":15,"column":58}},"12":{"start":{"line":18,"column":12},"end":{"line":23,"column":15}},"13":{"start":{"line":19,"column":16},"end":{"line":19,"column":45}},"14":{"start":{"line":20,"column":16},"end":{"line":22,"column":17}},"15":{"start":{"line":21,"column":20},"end":{"line":21,"column":58}},"16":{"start":{"line":24,"column":12},"end":{"line":30,"column":15}},"17":{"start":{"line":25,"column":16},"end":{"line":28,"column":17}},"18":{"start":{"line":26,"column":20},"end":{"line":26,"column":75}},"19":{"start":{"line":27,"column":20},"end":{"line":27,"column":27}},"20":{"start":{"line":29,"column":16},"end":{"line":29,"column":35}},"21":{"start":{"line":31,"column":12},"end":{"line":33,"column":15}},"22":{"start":{"line":32,"column":16},"end":{"line":32,"column":35}},"23":{"start":{"line":37,"column":0},"end":{"line":37,"column":42}}},"fnMap":{"0":{"name":"(anonymous_0)","decl":{"start":{"line":6,"column":4},"end":{"line":6,"column":5}},"loc":{"start":{"line":6,"column":69},"end":{"line":35,"column":5}},"line":6},"1":{"name":"(anonymous_1)","decl":{"start":{"line":7,"column":27},"end":{"line":7,"column":28}},"loc":{"start":{"line":7,"column":48},"end":{"line":34,"column":9}},"line":7},"2":{"name":"(anonymous_2)","decl":{"start":{"line":12,"column":40},"end":{"line":12,"column":41}},"loc":{"start":{"line":12,"column":50},"end":{"line":17,"column":13}},"line":12},"3":{"name":"(anonymous_3)","decl":{"start":{"line":18,"column":40},"end":{"line":18,"column":41}},"loc":{"start":{"line":18,"column":50},"end":{"line":23,"column":13}},"line":18},"4":{"name":"(anonymous_4)","decl":{"start":{"line":24,"column":34},"end":{"line":24,"column":35}},"loc":{"start":{"line":24,"column":44},"end":{"line":30,"column":13}},"line":24},"5":{"name":"(anonymous_5)","decl":{"start":{"line":31,"column":34},"end":{"line":31,"column":35}},"loc":{"start":{"line":31,"column":43},"end":{"line":33,"column":13}},"line":31}},"branchMap":{"0":{"loc":{"start":{"line":14,"column":16},"end":{"line":16,"column":17}},"type":"if","locations":[{"start":{"line":14,"column":16},"end":{"line":16,"column":17}},{"start":{"line":14,"column":16},"end":{"line":16,"column":17}}],"line":14},"1":{"loc":{"start":{"line":20,"column":16},"end":{"line":22,"column":17}},"type":"if","locations":[{"start":{"line":20,"column":16},"end":{"line":22,"column":17}},{"start":{"line":20,"column":16},"end":{"line":22,"column":17}}],"line":20},"2":{"loc":{"start":{"line":25,"column":16},"end":{"line":28,"column":17}},"type":"if","locations":[{"start":{"line":25,"column":16},"end":{"line":28,"column":17}},{"start":{"line":25,"column":16},"end":{"line":28,"column":17}}],"line":25}},"s":{"0":1,"1":1,"2":1,"3":0,"4":0,"5":0,"6":0,"7":0,"8":0,"9":0,"10":0,"11":0,"12":0,"13":0,"14":0,"15":0,"16":0,"17":0,"18":0,"19":0,"20":0,"21":0,"22":0,"23":1},"f":{"0":0,"1":0,"2":0,"3":0,"4":0,"5":0},"b":{"0":[0,0],"1":[0,0],"2":[0,0]},"_coverageSchema":"332fd63041d2c1bcb487cc26dd0d5f7d97098a6c","hash":"02273c72a18d05e98e90c93791f811e6b111d919","contentHash":"a4de1e42504ba71ea23d964b59da7d51_11.6.0"},"/home/remipassmoilesel/projects/companion-kube/build/lib/Api.js":{"path":"/home/remipassmoilesel/projects/companion-kube/build/lib/Api.js","statementMap":{"0":{"start":{"line":2,"column":16},"end":{"line":9,"column":1}},"1":{"start":{"line":3,"column":4},"end":{"line":8,"column":7}},"2":{"start":{"line":4,"column":36},"end":{"line":4,"column":97}},"3":{"start":{"line":4,"column":42},"end":{"line":4,"column":70}},"4":{"start":{"line":4,"column":85},"end":{"line":4,"column":95}},"5":{"start":{"line":5,"column":35},"end":{"line":5,"column":100}},"6":{"start":{"line":5,"column":41},"end":{"line":5,"column":73}},"7":{"start":{"line":5,"column":88},"end":{"line":5,"column":98}},"8":{"start":{"line":6,"column":32},"end":{"line":6,"column":149}},"9":{"start":{"line":6,"column":97},"end":{"line":6,"column":119}},"10":{"start":{"line":7,"column":8},"end":{"line":7,"column":78}},"11":{"start":{"line":10,"column":0},"end":{"line":10,"column":62}},"12":{"start":{"line":11,"column":10},"end":{"line":11,"column":27}},"13":{"start":{"line":12,"column":13},"end":{"line":12,"column":28}},"14":{"start":{"line":13,"column":17},"end":{"line":13,"column":41}},"15":{"start":{"line":14,"column":30},"end":{"line":14,"column":76}},"16":{"start":{"line":15,"column":34},"end":{"line":15,"column":81}},"17":{"start":{"line":16,"column":25},"end":{"line":16,"column":63}},"18":{"start":{"line":17,"column":25},"end":{"line":17,"column":65}},"19":{"start":{"line":18,"column":30},"end":{"line":18,"column":70}},"20":{"start":{"line":19,"column":24},"end":{"line":19,"column":58}},"21":{"start":{"line":20,"column":23},"end":{"line":20,"column":56}},"22":{"start":{"line":21,"column":15},"end":{"line":21,"column":36}},"23":{"start":{"line":24,"column":8},"end":{"line":24,"column":39}},"24":{"start":{"line":25,"column":8},"end":{"line":25,"column":37}},"25":{"start":{"line":26,"column":8},"end":{"line":26,"column":87}},"26":{"start":{"line":27,"column":8},"end":{"line":27,"column":94}},"27":{"start":{"line":28,"column":8},"end":{"line":28,"column":89}},"28":{"start":{"line":29,"column":8},"end":{"line":29,"column":88}},"29":{"start":{"line":30,"column":8},"end":{"line":30,"column":73}},"30":{"start":{"line":33,"column":8},"end":{"line":33,"column":60}},"31":{"start":{"line":36,"column":8},"end":{"line":36,"column":52}},"32":{"start":{"line":39,"column":8},"end":{"line":41,"column":11}},"33":{"start":{"line":40,"column":12},"end":{"line":40,"column":48}},"34":{"start":{"line":44,"column":27},"end":{"line":44,"column":63}},"35":{"start":{"line":45,"column":8},"end":{"line":45,"column":74}},"36":{"start":{"line":48,"column":8},"end":{"line":48,"column":77}},"37":{"start":{"line":51,"column":8},"end":{"line":55,"column":11}},"38":{"start":{"line":52,"column":31},"end":{"line":52,"column":98}},"39":{"start":{"line":53,"column":34},"end":{"line":53,"column":133}},"40":{"start":{"line":54,"column":12},"end":{"line":54,"column":61}},"41":{"start":{"line":54,"column":50},"end":{"line":54,"column":59}},"42":{"start":{"line":58,"column":8},"end":{"line":70,"column":11}},"43":{"start":{"line":59,"column":31},"end":{"line":59,"column":85}},"44":{"start":{"line":60,"column":12},"end":{"line":69,"column":13}},"45":{"start":{"line":62,"column":20},"end":{"line":62,"column":86}},"46":{"start":{"line":64,"column":20},"end":{"line":64,"column":56}},"47":{"start":{"line":66,"column":20},"end":{"line":66,"column":56}},"48":{"start":{"line":68,"column":20},"end":{"line":68,"column":49}},"49":{"start":{"line":73,"column":8},"end":{"line":79,"column":11}},"50":{"start":{"line":74,"column":12},"end":{"line":74,"column":35}},"51":{"start":{"line":75,"column":12},"end":{"line":75,"column":62}},"52":{"start":{"line":76,"column":29},"end":{"line":76,"column":118}},"53":{"start":{"line":77,"column":12},"end":{"line":77,"column":48}},"54":{"start":{"line":78,"column":12},"end":{"line":78,"column":63}},"55":{"start":{"line":82,"column":8},"end":{"line":88,"column":11}},"56":{"start":{"line":83,"column":12},"end":{"line":83,"column":35}},"57":{"start":{"line":84,"column":12},"end":{"line":84,"column":63}},"58":{"start":{"line":85,"column":29},"end":{"line":85,"column":118}},"59":{"start":{"line":86,"column":12},"end":{"line":86,"column":49}},"60":{"start":{"line":87,"column":12},"end":{"line":87,"column":64}},"61":{"start":{"line":91,"column":8},"end":{"line":93,"column":9}},"62":{"start":{"line":92,"column":12},"end":{"line":92,"column":84}},"63":{"start":{"line":96,"column":0},"end":{"line":96,"column":18}}},"fnMap":{"0":{"name":"(anonymous_0)","decl":{"start":{"line":2,"column":44},"end":{"line":2,"column":45}},"loc":{"start":{"line":2,"column":89},"end":{"line":9,"column":1}},"line":2},"1":{"name":"(anonymous_1)","decl":{"start":{"line":3,"column":36},"end":{"line":3,"column":37}},"loc":{"start":{"line":3,"column":63},"end":{"line":8,"column":5}},"line":3},"2":{"name":"fulfilled","decl":{"start":{"line":4,"column":17},"end":{"line":4,"column":26}},"loc":{"start":{"line":4,"column":34},"end":{"line":4,"column":99}},"line":4},"3":{"name":"rejected","decl":{"start":{"line":5,"column":17},"end":{"line":5,"column":25}},"loc":{"start":{"line":5,"column":33},"end":{"line":5,"column":102}},"line":5},"4":{"name":"step","decl":{"start":{"line":6,"column":17},"end":{"line":6,"column":21}},"loc":{"start":{"line":6,"column":30},"end":{"line":6,"column":151}},"line":6},"5":{"name":"(anonymous_5)","decl":{"start":{"line":6,"column":76},"end":{"line":6,"column":77}},"loc":{"start":{"line":6,"column":95},"end":{"line":6,"column":121}},"line":6},"6":{"name":"(anonymous_6)","decl":{"start":{"line":23,"column":4},"end":{"line":23,"column":5}},"loc":{"start":{"line":23,"column":41},"end":{"line":31,"column":5}},"line":23},"7":{"name":"(anonymous_7)","decl":{"start":{"line":32,"column":4},"end":{"line":32,"column":5}},"loc":{"start":{"line":32,"column":30},"end":{"line":34,"column":5}},"line":32},"8":{"name":"(anonymous_8)","decl":{"start":{"line":35,"column":4},"end":{"line":35,"column":5}},"loc":{"start":{"line":35,"column":36},"end":{"line":37,"column":5}},"line":35},"9":{"name":"(anonymous_9)","decl":{"start":{"line":38,"column":4},"end":{"line":38,"column":5}},"loc":{"start":{"line":38,"column":26},"end":{"line":42,"column":5}},"line":38},"10":{"name":"(anonymous_10)","decl":{"start":{"line":39,"column":47},"end":{"line":39,"column":48}},"loc":{"start":{"line":39,"column":60},"end":{"line":41,"column":9}},"line":39},"11":{"name":"(anonymous_11)","decl":{"start":{"line":43,"column":4},"end":{"line":43,"column":5}},"loc":{"start":{"line":43,"column":36},"end":{"line":46,"column":5}},"line":43},"12":{"name":"(anonymous_12)","decl":{"start":{"line":47,"column":4},"end":{"line":47,"column":5}},"loc":{"start":{"line":47,"column":48},"end":{"line":49,"column":5}},"line":47},"13":{"name":"(anonymous_13)","decl":{"start":{"line":50,"column":4},"end":{"line":50,"column":5}},"loc":{"start":{"line":50,"column":58},"end":{"line":56,"column":5}},"line":50},"14":{"name":"(anonymous_14)","decl":{"start":{"line":51,"column":47},"end":{"line":51,"column":48}},"loc":{"start":{"line":51,"column":60},"end":{"line":55,"column":9}},"line":51},"15":{"name":"(anonymous_15)","decl":{"start":{"line":54,"column":40},"end":{"line":54,"column":41}},"loc":{"start":{"line":54,"column":50},"end":{"line":54,"column":59}},"line":54},"16":{"name":"(anonymous_16)","decl":{"start":{"line":57,"column":4},"end":{"line":57,"column":5}},"loc":{"start":{"line":57,"column":42},"end":{"line":71,"column":5}},"line":57},"17":{"name":"(anonymous_17)","decl":{"start":{"line":58,"column":47},"end":{"line":58,"column":48}},"loc":{"start":{"line":58,"column":60},"end":{"line":70,"column":9}},"line":58},"18":{"name":"(anonymous_18)","decl":{"start":{"line":72,"column":4},"end":{"line":72,"column":5}},"loc":{"start":{"line":72,"column":36},"end":{"line":80,"column":5}},"line":72},"19":{"name":"(anonymous_19)","decl":{"start":{"line":73,"column":47},"end":{"line":73,"column":48}},"loc":{"start":{"line":73,"column":60},"end":{"line":79,"column":9}},"line":73},"20":{"name":"(anonymous_20)","decl":{"start":{"line":81,"column":4},"end":{"line":81,"column":5}},"loc":{"start":{"line":81,"column":37},"end":{"line":89,"column":5}},"line":81},"21":{"name":"(anonymous_21)","decl":{"start":{"line":82,"column":47},"end":{"line":82,"column":48}},"loc":{"start":{"line":82,"column":60},"end":{"line":88,"column":9}},"line":82},"22":{"name":"(anonymous_22)","decl":{"start":{"line":90,"column":4},"end":{"line":90,"column":5}},"loc":{"start":{"line":90,"column":22},"end":{"line":94,"column":5}},"line":90}},"branchMap":{"0":{"loc":{"start":{"line":2,"column":16},"end":{"line":9,"column":1}},"type":"binary-expr","locations":[{"start":{"line":2,"column":17},"end":{"line":2,"column":21}},{"start":{"line":2,"column":25},"end":{"line":2,"column":39}},{"start":{"line":2,"column":44},"end":{"line":9,"column":1}}],"line":2},"1":{"loc":{"start":{"line":3,"column":16},"end":{"line":3,"column":34}},"type":"binary-expr","locations":[{"start":{"line":3,"column":16},"end":{"line":3,"column":17}},{"start":{"line":3,"column":22},"end":{"line":3,"column":33}}],"line":3},"2":{"loc":{"start":{"line":6,"column":32},"end":{"line":6,"column":148}},"type":"cond-expr","locations":[{"start":{"line":6,"column":46},"end":{"line":6,"column":67}},{"start":{"line":6,"column":70},"end":{"line":6,"column":148}}],"line":6},"3":{"loc":{"start":{"line":7,"column":51},"end":{"line":7,"column":67}},"type":"binary-expr","locations":[{"start":{"line":7,"column":51},"end":{"line":7,"column":61}},{"start":{"line":7,"column":65},"end":{"line":7,"column":67}}],"line":7},"4":{"loc":{"start":{"line":53,"column":34},"end":{"line":53,"column":133}},"type":"cond-expr","locations":[{"start":{"line":53,"column":81},"end":{"line":53,"column":109}},{"start":{"line":53,"column":112},"end":{"line":53,"column":133}}],"line":53},"5":{"loc":{"start":{"line":60,"column":12},"end":{"line":69,"column":13}},"type":"switch","locations":[{"start":{"line":61,"column":16},"end":{"line":62,"column":86}},{"start":{"line":63,"column":16},"end":{"line":64,"column":56}},{"start":{"line":65,"column":16},"end":{"line":66,"column":56}},{"start":{"line":67,"column":16},"end":{"line":68,"column":49}}],"line":60},"6":{"loc":{"start":{"line":91,"column":8},"end":{"line":93,"column":9}},"type":"if","locations":[{"start":{"line":91,"column":8},"end":{"line":93,"column":9}},{"start":{"line":91,"column":8},"end":{"line":93,"column":9}}],"line":91}},"s":{"0":1,"1":0,"2":0,"3":0,"4":0,"5":0,"6":0,"7":0,"8":0,"9":0,"10":0,"11":1,"12":1,"13":1,"14":1,"15":1,"16":1,"17":1,"18":1,"19":1,"20":1,"21":1,"22":1,"23":1,"24":1,"25":1,"26":1,"27":1,"28":1,"29":1,"30":0,"31":0,"32":0,"33":0,"34":0,"35":0,"36":0,"37":0,"38":0,"39":0,"40":0,"41":0,"42":0,"43":0,"44":0,"45":0,"46":0,"47":0,"48":0,"49":0,"50":0,"51":0,"52":0,"53":0,"54":0,"55":0,"56":0,"57":0,"58":0,"59":0,"60":0,"61":0,"62":0,"63":1},"f":{"0":0,"1":0,"2":0,"3":0,"4":0,"5":0,"6":1,"7":0,"8":0,"9":0,"10":0,"11":0,"12":0,"13":0,"14":0,"15":0,"16":0,"17":0,"18":0,"19":0,"20":0,"21":0,"22":0},"b":{"0":[1,1,1],"1":[0,0],"2":[0,0],"3":[0,0],"4":[0,0],"5":[0,0,0,0],"6":[0,0]},"_coverageSchema":"332fd63041d2c1bcb487cc26dd0d5f7d97098a6c","hash":"5c0a430418bc853e4d59c16787c3ab1d64569a4c","contentHash":"13a22eb6bb5dfb4f69a9aedfb8ca5c4b_11.6.0"},"/home/remipassmoilesel/projects/companion-kube/build/lib/misc/Logger.js":{"path":"/home/remipassmoilesel/projects/companion-kube/build/lib/misc/Logger.js","statementMap":{"0":{"start":{"line":2,"column":0},"end":{"line":2,"column":62}},"1":{"start":{"line":3,"column":20},"end":{"line":3,"column":42}},"2":{"start":{"line":4,"column":14},"end":{"line":4,"column":30}},"3":{"start":{"line":7,"column":8},"end":{"line":7,"column":31}},"4":{"start":{"line":10,"column":8},"end":{"line":10,"column":41}},"5":{"start":{"line":13,"column":8},"end":{"line":13,"column":69}},"6":{"start":{"line":16,"column":21},"end":{"line":16,"column":56}},"7":{"start":{"line":17,"column":8},"end":{"line":17,"column":37}},"8":{"start":{"line":18,"column":8},"end":{"line":18,"column":40}},"9":{"start":{"line":19,"column":8},"end":{"line":19,"column":37}},"10":{"start":{"line":22,"column":8},"end":{"line":22,"column":68}},"11":{"start":{"line":25,"column":8},"end":{"line":25,"column":67}},"12":{"start":{"line":28,"column":8},"end":{"line":28,"column":70}},"13":{"start":{"line":31,"column":8},"end":{"line":31,"column":70}},"14":{"start":{"line":34,"column":8},"end":{"line":34,"column":68}},"15":{"start":{"line":37,"column":8},"end":{"line":37,"column":71}},"16":{"start":{"line":40,"column":8},"end":{"line":42,"column":9}},"17":{"start":{"line":41,"column":12},"end":{"line":41,"column":19}},"18":{"start":{"line":43,"column":8},"end":{"line":46,"column":9}},"19":{"start":{"line":44,"column":12},"end":{"line":44,"column":26}},"20":{"start":{"line":45,"column":12},"end":{"line":45,"column":19}},"21":{"start":{"line":47,"column":26},"end":{"line":47,"column":44}},"22":{"start":{"line":48,"column":8},"end":{"line":48,"column":65}},"23":{"start":{"line":49,"column":8},"end":{"line":51,"column":9}},"24":{"start":{"line":50,"column":12},"end":{"line":50,"column":30}},"25":{"start":{"line":54,"column":0},"end":{"line":54,"column":52}},"26":{"start":{"line":55,"column":0},"end":{"line":55,"column":24}}},"fnMap":{"0":{"name":"(anonymous_0)","decl":{"start":{"line":6,"column":4},"end":{"line":6,"column":5}},"loc":{"start":{"line":6,"column":54},"end":{"line":8,"column":5}},"line":6},"1":{"name":"(anonymous_1)","decl":{"start":{"line":9,"column":4},"end":{"line":9,"column":5}},"loc":{"start":{"line":9,"column":41},"end":{"line":11,"column":5}},"line":9},"2":{"name":"(anonymous_2)","decl":{"start":{"line":12,"column":4},"end":{"line":12,"column":5}},"loc":{"start":{"line":12,"column":31},"end":{"line":14,"column":5}},"line":12},"3":{"name":"(anonymous_3)","decl":{"start":{"line":15,"column":4},"end":{"line":15,"column":5}},"loc":{"start":{"line":15,"column":55},"end":{"line":20,"column":5}},"line":15},"4":{"name":"(anonymous_4)","decl":{"start":{"line":21,"column":4},"end":{"line":21,"column":5}},"loc":{"start":{"line":21,"column":25},"end":{"line":23,"column":5}},"line":21},"5":{"name":"(anonymous_5)","decl":{"start":{"line":24,"column":4},"end":{"line":24,"column":5}},"loc":{"start":{"line":24,"column":24},"end":{"line":26,"column":5}},"line":24},"6":{"name":"(anonymous_6)","decl":{"start":{"line":27,"column":4},"end":{"line":27,"column":5}},"loc":{"start":{"line":27,"column":27},"end":{"line":29,"column":5}},"line":27},"7":{"name":"(anonymous_7)","decl":{"start":{"line":30,"column":4},"end":{"line":30,"column":5}},"loc":{"start":{"line":30,"column":27},"end":{"line":32,"column":5}},"line":30},"8":{"name":"(anonymous_8)","decl":{"start":{"line":33,"column":4},"end":{"line":33,"column":5}},"loc":{"start":{"line":33,"column":25},"end":{"line":35,"column":5}},"line":33},"9":{"name":"(anonymous_9)","decl":{"start":{"line":36,"column":4},"end":{"line":36,"column":5}},"loc":{"start":{"line":36,"column":28},"end":{"line":38,"column":5}},"line":36},"10":{"name":"(anonymous_10)","decl":{"start":{"line":39,"column":4},"end":{"line":39,"column":5}},"loc":{"start":{"line":39,"column":37},"end":{"line":52,"column":5}},"line":39}},"branchMap":{"0":{"loc":{"start":{"line":6,"column":16},"end":{"line":6,"column":52}},"type":"default-arg","locations":[{"start":{"line":6,"column":26},"end":{"line":6,"column":52}}],"line":6},"1":{"loc":{"start":{"line":15,"column":19},"end":{"line":15,"column":53}},"type":"default-arg","locations":[{"start":{"line":15,"column":27},"end":{"line":15,"column":53}}],"line":15},"2":{"loc":{"start":{"line":40,"column":8},"end":{"line":42,"column":9}},"type":"if","locations":[{"start":{"line":40,"column":8},"end":{"line":42,"column":9}},{"start":{"line":40,"column":8},"end":{"line":42,"column":9}}],"line":40},"3":{"loc":{"start":{"line":43,"column":8},"end":{"line":46,"column":9}},"type":"if","locations":[{"start":{"line":43,"column":8},"end":{"line":46,"column":9}},{"start":{"line":43,"column":8},"end":{"line":46,"column":9}}],"line":43},"4":{"loc":{"start":{"line":48,"column":47},"end":{"line":48,"column":60}},"type":"binary-expr","locations":[{"start":{"line":48,"column":47},"end":{"line":48,"column":54}},{"start":{"line":48,"column":58},"end":{"line":48,"column":60}}],"line":48},"5":{"loc":{"start":{"line":49,"column":8},"end":{"line":51,"column":9}},"type":"if","locations":[{"start":{"line":49,"column":8},"end":{"line":51,"column":9}},{"start":{"line":49,"column":8},"end":{"line":51,"column":9}}],"line":49}},"s":{"0":1,"1":1,"2":1,"3":8,"4":0,"5":8,"6":0,"7":0,"8":0,"9":0,"10":0,"11":0,"12":0,"13":0,"14":0,"15":0,"16":0,"17":0,"18":0,"19":0,"20":0,"21":0,"22":0,"23":0,"24":0,"25":1,"26":1},"f":{"0":8,"1":0,"2":8,"3":0,"4":0,"5":0,"6":0,"7":0,"8":0,"9":0,"10":0},"b":{"0":[8],"1":[0],"2":[0,0],"3":[0,0],"4":[0,0],"5":[0,0]},"_coverageSchema":"332fd63041d2c1bcb487cc26dd0d5f7d97098a6c","hash":"c6f0f1462ad9ddd832d3c5c0997828f49f902517","contentHash":"302a73093fb2c9a8f224d364104913a3_11.6.0"},"/home/remipassmoilesel/projects/companion-kube/build/lib/misc/LogLevels.js":{"path":"/home/remipassmoilesel/projects/companion-kube/build/lib/misc/LogLevels.js","statementMap":{"0":{"start":{"line":2,"column":0},"end":{"line":2,"column":62}},"1":{"start":{"line":5,"column":0},"end":{"line":9,"column":2}},"2":{"start":{"line":10,"column":0},"end":{"line":14,"column":2}},"3":{"start":{"line":15,"column":0},"end":{"line":19,"column":2}},"4":{"start":{"line":20,"column":0},"end":{"line":24,"column":2}},"5":{"start":{"line":25,"column":0},"end":{"line":29,"column":2}},"6":{"start":{"line":30,"column":0},"end":{"line":34,"column":2}},"7":{"start":{"line":35,"column":0},"end":{"line":35,"column":30}}},"fnMap":{},"branchMap":{},"s":{"0":1,"1":1,"2":1,"3":1,"4":1,"5":1,"6":1,"7":1},"f":{},"b":{},"_coverageSchema":"332fd63041d2c1bcb487cc26dd0d5f7d97098a6c","hash":"940f423ce86bf73120dbc4c440f882190d729daf","contentHash":"6585ea44792d93c8a0dd5a6f879c7d42_11.6.0"},"/home/remipassmoilesel/projects/companion-kube/build/lib/prerequisites/PrerequisiteChecker.js":{"path":"/home/remipassmoilesel/projects/companion-kube/build/lib/prerequisites/PrerequisiteChecker.js","statementMap":{"0":{"start":{"line":2,"column":0},"end":{"line":2,"column":62}},"1":{"start":{"line":3,"column":10},"end":{"line":3,"column":27}},"2":{"start":{"line":4,"column":24},"end":{"line":4,"column":48}},"3":{"start":{"line":5,"column":17},"end":{"line":5,"column":42}},"4":{"start":{"line":6,"column":15},"end":{"line":6,"column":36}},"5":{"start":{"line":9,"column":8},"end":{"line":9,"column":49}},"6":{"start":{"line":10,"column":8},"end":{"line":10,"column":37}},"7":{"start":{"line":13,"column":24},"end":{"line":13,"column":26}},"8":{"start":{"line":14,"column":8},"end":{"line":21,"column":11}},"9":{"start":{"line":15,"column":12},"end":{"line":20,"column":13}},"10":{"start":{"line":16,"column":16},"end":{"line":16,"column":78}},"11":{"start":{"line":19,"column":16},"end":{"line":19,"column":37}},"12":{"start":{"line":22,"column":8},"end":{"line":22,"column":23}},"13":{"start":{"line":25,"column":0},"end":{"line":25,"column":50}}},"fnMap":{"0":{"name":"(anonymous_0)","decl":{"start":{"line":8,"column":4},"end":{"line":8,"column":5}},"loc":{"start":{"line":8,"column":28},"end":{"line":11,"column":5}},"line":8},"1":{"name":"(anonymous_1)","decl":{"start":{"line":12,"column":4},"end":{"line":12,"column":5}},"loc":{"start":{"line":12,"column":30},"end":{"line":23,"column":5}},"line":12},"2":{"name":"(anonymous_2)","decl":{"start":{"line":14,"column":49},"end":{"line":14,"column":50}},"loc":{"start":{"line":14,"column":61},"end":{"line":21,"column":9}},"line":14}},"branchMap":{},"s":{"0":1,"1":1,"2":1,"3":1,"4":1,"5":3,"6":3,"7":2,"8":2,"9":2,"10":2,"11":1,"12":2,"13":1},"f":{"0":3,"1":2,"2":2},"b":{},"_coverageSchema":"332fd63041d2c1bcb487cc26dd0d5f7d97098a6c","hash":"7a5d3c831e5ed8c5e3ac24304820dfefe452e47f","contentHash":"1e6f34e846b9a34d1f516ab3049c2166_11.6.0"},"/home/remipassmoilesel/projects/companion-kube/build/lib/app-executor/ExecutorFinder.js":{"path":"/home/remipassmoilesel/projects/companion-kube/build/lib/app-executor/ExecutorFinder.js","statementMap":{"0":{"start":{"line":2,"column":0},"end":{"line":2,"column":62}},"1":{"start":{"line":3,"column":10},"end":{"line":3,"column":27}},"2":{"start":{"line":4,"column":23},"end":{"line":4,"column":48}},"3":{"start":{"line":5,"column":26},"end":{"line":5,"column":54}},"4":{"start":{"line":6,"column":26},"end":{"line":6,"column":54}},"5":{"start":{"line":9,"column":8},"end":{"line":13,"column":10}},"6":{"start":{"line":16,"column":20},"end":{"line":16,"column":66}},"7":{"start":{"line":17,"column":19},"end":{"line":17,"column":63}},"8":{"start":{"line":17,"column":41},"end":{"line":17,"column":62}},"9":{"start":{"line":18,"column":8},"end":{"line":20,"column":9}},"10":{"start":{"line":19,"column":12},"end":{"line":19,"column":73}},"11":{"start":{"line":21,"column":8},"end":{"line":21,"column":18}},"12":{"start":{"line":24,"column":0},"end":{"line":24,"column":40}}},"fnMap":{"0":{"name":"(anonymous_0)","decl":{"start":{"line":8,"column":4},"end":{"line":8,"column":5}},"loc":{"start":{"line":8,"column":43},"end":{"line":14,"column":5}},"line":8},"1":{"name":"(anonymous_1)","decl":{"start":{"line":15,"column":4},"end":{"line":15,"column":5}},"loc":{"start":{"line":15,"column":59},"end":{"line":22,"column":5}},"line":15},"2":{"name":"(anonymous_2)","decl":{"start":{"line":17,"column":31},"end":{"line":17,"column":32}},"loc":{"start":{"line":17,"column":41},"end":{"line":17,"column":62}},"line":17}},"branchMap":{"0":{"loc":{"start":{"line":18,"column":8},"end":{"line":20,"column":9}},"type":"if","locations":[{"start":{"line":18,"column":8},"end":{"line":20,"column":9}},{"start":{"line":18,"column":8},"end":{"line":20,"column":9}}],"line":18}},"s":{"0":1,"1":1,"2":1,"3":1,"4":1,"5":0,"6":0,"7":0,"8":0,"9":0,"10":0,"11":0,"12":1},"f":{"0":0,"1":0,"2":0},"b":{"0":[0,0]},"_coverageSchema":"332fd63041d2c1bcb487cc26dd0d5f7d97098a6c","hash":"0e7854aa2d1a833139a20172fbcf7021cef2818a","contentHash":"b84926248ccb25fe4ca03c79465e1ed1_11.6.0"},"/home/remipassmoilesel/projects/companion-kube/build/lib/app-executor/HelmExecutor.js":{"path":"/home/remipassmoilesel/projects/companion-kube/build/lib/app-executor/HelmExecutor.js","statementMap":{"0":{"start":{"line":2,"column":16},"end":{"line":9,"column":1}},"1":{"start":{"line":3,"column":4},"end":{"line":8,"column":7}},"2":{"start":{"line":4,"column":36},"end":{"line":4,"column":97}},"3":{"start":{"line":4,"column":42},"end":{"line":4,"column":70}},"4":{"start":{"line":4,"column":85},"end":{"line":4,"column":95}},"5":{"start":{"line":5,"column":35},"end":{"line":5,"column":100}},"6":{"start":{"line":5,"column":41},"end":{"line":5,"column":73}},"7":{"start":{"line":5,"column":88},"end":{"line":5,"column":98}},"8":{"start":{"line":6,"column":32},"end":{"line":6,"column":149}},"9":{"start":{"line":6,"column":97},"end":{"line":6,"column":119}},"10":{"start":{"line":7,"column":8},"end":{"line":7,"column":78}},"11":{"start":{"line":10,"column":0},"end":{"line":10,"column":62}},"12":{"start":{"line":11,"column":13},"end":{"line":11,"column":28}},"13":{"start":{"line":12,"column":11},"end":{"line":12,"column":24}},"14":{"start":{"line":13,"column":30},"end":{"line":13,"column":62}},"15":{"start":{"line":14,"column":17},"end":{"line":14,"column":42}},"16":{"start":{"line":17,"column":8},"end":{"line":17,"column":28}},"17":{"start":{"line":18,"column":8},"end":{"line":18,"column":44}},"18":{"start":{"line":21,"column":8},"end":{"line":21,"column":52}},"19":{"start":{"line":24,"column":8},"end":{"line":27,"column":11}},"20":{"start":{"line":25,"column":12},"end":{"line":25,"column":46}},"21":{"start":{"line":26,"column":12},"end":{"line":26,"column":49}},"22":{"start":{"line":30,"column":8},"end":{"line":36,"column":11}},"23":{"start":{"line":31,"column":12},"end":{"line":33,"column":13}},"24":{"start":{"line":32,"column":16},"end":{"line":32,"column":34}},"25":{"start":{"line":34,"column":28},"end":{"line":34,"column":73}},"26":{"start":{"line":35,"column":12},"end":{"line":35,"column":63}},"27":{"start":{"line":39,"column":8},"end":{"line":48,"column":11}},"28":{"start":{"line":40,"column":12},"end":{"line":42,"column":13}},"29":{"start":{"line":41,"column":16},"end":{"line":41,"column":34}},"30":{"start":{"line":43,"column":39},"end":{"line":43,"column":67}},"31":{"start":{"line":44,"column":36},"end":{"line":44,"column":76}},"32":{"start":{"line":45,"column":28},"end":{"line":46,"column":62}},"33":{"start":{"line":47,"column":12},"end":{"line":47,"column":63}},"34":{"start":{"line":51,"column":23},"end":{"line":51,"column":25}},"35":{"start":{"line":52,"column":34},"end":{"line":52,"column":72}},"36":{"start":{"line":53,"column":30},"end":{"line":53,"column":79}},"37":{"start":{"line":54,"column":8},"end":{"line":59,"column":9}},"38":{"start":{"line":55,"column":12},"end":{"line":55,"column":51}},"39":{"start":{"line":58,"column":12},"end":{"line":58,"column":61}},"40":{"start":{"line":60,"column":8},"end":{"line":65,"column":9}},"41":{"start":{"line":61,"column":12},"end":{"line":61,"column":47}},"42":{"start":{"line":63,"column":13},"end":{"line":65,"column":9}},"43":{"start":{"line":64,"column":12},"end":{"line":64,"column":72}},"44":{"start":{"line":66,"column":8},"end":{"line":66,"column":32}},"45":{"start":{"line":69,"column":8},"end":{"line":72,"column":11}},"46":{"start":{"line":70,"column":36},"end":{"line":70,"column":59}},"47":{"start":{"line":71,"column":12},"end":{"line":71,"column":94}},"48":{"start":{"line":75,"column":0},"end":{"line":75,"column":36}}},"fnMap":{"0":{"name":"(anonymous_0)","decl":{"start":{"line":2,"column":44},"end":{"line":2,"column":45}},"loc":{"start":{"line":2,"column":89},"end":{"line":9,"column":1}},"line":2},"1":{"name":"(anonymous_1)","decl":{"start":{"line":3,"column":36},"end":{"line":3,"column":37}},"loc":{"start":{"line":3,"column":63},"end":{"line":8,"column":5}},"line":3},"2":{"name":"fulfilled","decl":{"start":{"line":4,"column":17},"end":{"line":4,"column":26}},"loc":{"start":{"line":4,"column":34},"end":{"line":4,"column":99}},"line":4},"3":{"name":"rejected","decl":{"start":{"line":5,"column":17},"end":{"line":5,"column":25}},"loc":{"start":{"line":5,"column":33},"end":{"line":5,"column":102}},"line":5},"4":{"name":"step","decl":{"start":{"line":6,"column":17},"end":{"line":6,"column":21}},"loc":{"start":{"line":6,"column":30},"end":{"line":6,"column":151}},"line":6},"5":{"name":"(anonymous_5)","decl":{"start":{"line":6,"column":76},"end":{"line":6,"column":77}},"loc":{"start":{"line":6,"column":95},"end":{"line":6,"column":121}},"line":6},"6":{"name":"(anonymous_6)","decl":{"start":{"line":16,"column":4},"end":{"line":16,"column":5}},"loc":{"start":{"line":16,"column":18},"end":{"line":19,"column":5}},"line":16},"7":{"name":"(anonymous_7)","decl":{"start":{"line":20,"column":4},"end":{"line":20,"column":5}},"loc":{"start":{"line":20,"column":21},"end":{"line":22,"column":5}},"line":20},"8":{"name":"(anonymous_8)","decl":{"start":{"line":23,"column":4},"end":{"line":23,"column":5}},"loc":{"start":{"line":23,"column":25},"end":{"line":28,"column":5}},"line":23},"9":{"name":"(anonymous_9)","decl":{"start":{"line":24,"column":47},"end":{"line":24,"column":48}},"loc":{"start":{"line":24,"column":60},"end":{"line":27,"column":9}},"line":24},"10":{"name":"(anonymous_10)","decl":{"start":{"line":29,"column":4},"end":{"line":29,"column":5}},"loc":{"start":{"line":29,"column":26},"end":{"line":37,"column":5}},"line":29},"11":{"name":"(anonymous_11)","decl":{"start":{"line":30,"column":47},"end":{"line":30,"column":48}},"loc":{"start":{"line":30,"column":60},"end":{"line":36,"column":9}},"line":30},"12":{"name":"(anonymous_12)","decl":{"start":{"line":38,"column":4},"end":{"line":38,"column":5}},"loc":{"start":{"line":38,"column":30},"end":{"line":49,"column":5}},"line":38},"13":{"name":"(anonymous_13)","decl":{"start":{"line":39,"column":47},"end":{"line":39,"column":48}},"loc":{"start":{"line":39,"column":60},"end":{"line":48,"column":9}},"line":39},"14":{"name":"(anonymous_14)","decl":{"start":{"line":50,"column":4},"end":{"line":50,"column":5}},"loc":{"start":{"line":50,"column":28},"end":{"line":67,"column":5}},"line":50},"15":{"name":"(anonymous_15)","decl":{"start":{"line":68,"column":4},"end":{"line":68,"column":5}},"loc":{"start":{"line":68,"column":27},"end":{"line":73,"column":5}},"line":68},"16":{"name":"(anonymous_16)","decl":{"start":{"line":69,"column":47},"end":{"line":69,"column":48}},"loc":{"start":{"line":69,"column":60},"end":{"line":72,"column":9}},"line":69}},"branchMap":{"0":{"loc":{"start":{"line":2,"column":16},"end":{"line":9,"column":1}},"type":"binary-expr","locations":[{"start":{"line":2,"column":17},"end":{"line":2,"column":21}},{"start":{"line":2,"column":25},"end":{"line":2,"column":39}},{"start":{"line":2,"column":44},"end":{"line":9,"column":1}}],"line":2},"1":{"loc":{"start":{"line":3,"column":16},"end":{"line":3,"column":34}},"type":"binary-expr","locations":[{"start":{"line":3,"column":16},"end":{"line":3,"column":17}},{"start":{"line":3,"column":22},"end":{"line":3,"column":33}}],"line":3},"2":{"loc":{"start":{"line":6,"column":32},"end":{"line":6,"column":148}},"type":"cond-expr","locations":[{"start":{"line":6,"column":46},"end":{"line":6,"column":67}},{"start":{"line":6,"column":70},"end":{"line":6,"column":148}}],"line":6},"3":{"loc":{"start":{"line":7,"column":51},"end":{"line":7,"column":67}},"type":"binary-expr","locations":[{"start":{"line":7,"column":51},"end":{"line":7,"column":61}},{"start":{"line":7,"column":65},"end":{"line":7,"column":67}}],"line":7},"4":{"loc":{"start":{"line":31,"column":12},"end":{"line":33,"column":13}},"type":"if","locations":[{"start":{"line":31,"column":12},"end":{"line":33,"column":13}},{"start":{"line":31,"column":12},"end":{"line":33,"column":13}}],"line":31},"5":{"loc":{"start":{"line":40,"column":12},"end":{"line":42,"column":13}},"type":"if","locations":[{"start":{"line":40,"column":12},"end":{"line":42,"column":13}},{"start":{"line":40,"column":12},"end":{"line":42,"column":13}}],"line":40},"6":{"loc":{"start":{"line":44,"column":36},"end":{"line":44,"column":76}},"type":"cond-expr","locations":[{"start":{"line":44,"column":46},"end":{"line":44,"column":71}},{"start":{"line":44,"column":74},"end":{"line":44,"column":76}}],"line":44},"7":{"loc":{"start":{"line":54,"column":8},"end":{"line":59,"column":9}},"type":"if","locations":[{"start":{"line":54,"column":8},"end":{"line":59,"column":9}},{"start":{"line":54,"column":8},"end":{"line":59,"column":9}}],"line":54},"8":{"loc":{"start":{"line":60,"column":8},"end":{"line":65,"column":9}},"type":"if","locations":[{"start":{"line":60,"column":8},"end":{"line":65,"column":9}},{"start":{"line":60,"column":8},"end":{"line":65,"column":9}}],"line":60},"9":{"loc":{"start":{"line":60,"column":12},"end":{"line":60,"column":51}},"type":"binary-expr","locations":[{"start":{"line":60,"column":12},"end":{"line":60,"column":19}},{"start":{"line":60,"column":23},"end":{"line":60,"column":51}}],"line":60},"10":{"loc":{"start":{"line":63,"column":13},"end":{"line":65,"column":9}},"type":"if","locations":[{"start":{"line":63,"column":13},"end":{"line":65,"column":9}},{"start":{"line":63,"column":13},"end":{"line":65,"column":9}}],"line":63}},"s":{"0":1,"1":0,"2":0,"3":0,"4":0,"5":0,"6":0,"7":0,"8":0,"9":0,"10":0,"11":1,"12":1,"13":1,"14":1,"15":1,"16":0,"17":0,"18":0,"19":0,"20":0,"21":0,"22":0,"23":0,"24":0,"25":0,"26":0,"27":0,"28":0,"29":0,"30":0,"31":0,"32":0,"33":0,"34":0,"35":0,"36":0,"37":0,"38":0,"39":0,"40":0,"41":0,"42":0,"43":0,"44":0,"45":0,"46":0,"47":0,"48":1},"f":{"0":0,"1":0,"2":0,"3":0,"4":0,"5":0,"6":0,"7":0,"8":0,"9":0,"10":0,"11":0,"12":0,"13":0,"14":0,"15":0,"16":0},"b":{"0":[1,1,1],"1":[0,0],"2":[0,0],"3":[0,0],"4":[0,0],"5":[0,0],"6":[0,0],"7":[0,0],"8":[0,0],"9":[0,0],"10":[0,0]},"_coverageSchema":"332fd63041d2c1bcb487cc26dd0d5f7d97098a6c","hash":"6358ae56babd402dfa5b936f1436090ae34ebc30","contentHash":"60056116c62d3d86b70760953463db08_11.6.0"},"/home/remipassmoilesel/projects/companion-kube/build/lib/app-executor/AbstractAppExecutor.js":{"path":"/home/remipassmoilesel/projects/companion-kube/build/lib/app-executor/AbstractAppExecutor.js","statementMap":{"0":{"start":{"line":2,"column":0},"end":{"line":2,"column":62}},"1":{"start":{"line":3,"column":24},"end":{"line":3,"column":48}},"2":{"start":{"line":6,"column":8},"end":{"line":6,"column":43}},"3":{"start":{"line":7,"column":8},"end":{"line":7,"column":37}},"4":{"start":{"line":8,"column":8},"end":{"line":8,"column":47}},"5":{"start":{"line":11,"column":8},"end":{"line":11,"column":59}},"6":{"start":{"line":12,"column":8},"end":{"line":12,"column":89}},"7":{"start":{"line":15,"column":0},"end":{"line":15,"column":50}}},"fnMap":{"0":{"name":"(anonymous_0)","decl":{"start":{"line":5,"column":4},"end":{"line":5,"column":5}},"loc":{"start":{"line":5,"column":45},"end":{"line":9,"column":5}},"line":5},"1":{"name":"(anonymous_1)","decl":{"start":{"line":10,"column":4},"end":{"line":10,"column":5}},"loc":{"start":{"line":10,"column":49},"end":{"line":13,"column":5}},"line":10}},"branchMap":{},"s":{"0":1,"1":1,"2":0,"3":0,"4":0,"5":0,"6":0,"7":1},"f":{"0":0,"1":0},"b":{},"_coverageSchema":"332fd63041d2c1bcb487cc26dd0d5f7d97098a6c","hash":"999ba231ebf2a79a86803e08665b9e9fdaa3f205","contentHash":"0cc4eeb027667cb2a3893b5b66e81de4_11.6.0"},"/home/remipassmoilesel/projects/companion-kube/build/lib/app-executor/KubectlExecutor.js":{"path":"/home/remipassmoilesel/projects/companion-kube/build/lib/app-executor/KubectlExecutor.js","statementMap":{"0":{"start":{"line":2,"column":16},"end":{"line":9,"column":1}},"1":{"start":{"line":3,"column":4},"end":{"line":8,"column":7}},"2":{"start":{"line":4,"column":36},"end":{"line":4,"column":97}},"3":{"start":{"line":4,"column":42},"end":{"line":4,"column":70}},"4":{"start":{"line":4,"column":85},"end":{"line":4,"column":95}},"5":{"start":{"line":5,"column":35},"end":{"line":5,"column":100}},"6":{"start":{"line":5,"column":41},"end":{"line":5,"column":73}},"7":{"start":{"line":5,"column":88},"end":{"line":5,"column":98}},"8":{"start":{"line":6,"column":32},"end":{"line":6,"column":149}},"9":{"start":{"line":6,"column":97},"end":{"line":6,"column":119}},"10":{"start":{"line":7,"column":8},"end":{"line":7,"column":78}},"11":{"start":{"line":10,"column":0},"end":{"line":10,"column":62}},"12":{"start":{"line":11,"column":13},"end":{"line":11,"column":28}},"13":{"start":{"line":12,"column":10},"end":{"line":12,"column":27}},"14":{"start":{"line":13,"column":30},"end":{"line":13,"column":62}},"15":{"start":{"line":14,"column":17},"end":{"line":14,"column":42}},"16":{"start":{"line":17,"column":8},"end":{"line":17,"column":28}},"17":{"start":{"line":18,"column":8},"end":{"line":18,"column":44}},"18":{"start":{"line":21,"column":8},"end":{"line":21,"column":57}},"19":{"start":{"line":24,"column":8},"end":{"line":31,"column":11}},"20":{"start":{"line":25,"column":26},"end":{"line":25,"column":48}},"21":{"start":{"line":26,"column":12},"end":{"line":30,"column":13}},"22":{"start":{"line":27,"column":40},"end":{"line":27,"column":79}},"23":{"start":{"line":28,"column":32},"end":{"line":28,"column":86}},"24":{"start":{"line":29,"column":16},"end":{"line":29,"column":67}},"25":{"start":{"line":34,"column":8},"end":{"line":41,"column":11}},"26":{"start":{"line":35,"column":26},"end":{"line":35,"column":48}},"27":{"start":{"line":36,"column":12},"end":{"line":40,"column":13}},"28":{"start":{"line":37,"column":40},"end":{"line":37,"column":79}},"29":{"start":{"line":38,"column":32},"end":{"line":38,"column":86}},"30":{"start":{"line":39,"column":16},"end":{"line":39,"column":67}},"31":{"start":{"line":44,"column":8},"end":{"line":46,"column":9}},"32":{"start":{"line":45,"column":12},"end":{"line":45,"column":34}},"33":{"start":{"line":47,"column":8},"end":{"line":49,"column":11}},"34":{"start":{"line":48,"column":12},"end":{"line":48,"column":57}},"35":{"start":{"line":52,"column":0},"end":{"line":52,"column":42}}},"fnMap":{"0":{"name":"(anonymous_0)","decl":{"start":{"line":2,"column":44},"end":{"line":2,"column":45}},"loc":{"start":{"line":2,"column":89},"end":{"line":9,"column":1}},"line":2},"1":{"name":"(anonymous_1)","decl":{"start":{"line":3,"column":36},"end":{"line":3,"column":37}},"loc":{"start":{"line":3,"column":63},"end":{"line":8,"column":5}},"line":3},"2":{"name":"fulfilled","decl":{"start":{"line":4,"column":17},"end":{"line":4,"column":26}},"loc":{"start":{"line":4,"column":34},"end":{"line":4,"column":99}},"line":4},"3":{"name":"rejected","decl":{"start":{"line":5,"column":17},"end":{"line":5,"column":25}},"loc":{"start":{"line":5,"column":33},"end":{"line":5,"column":102}},"line":5},"4":{"name":"step","decl":{"start":{"line":6,"column":17},"end":{"line":6,"column":21}},"loc":{"start":{"line":6,"column":30},"end":{"line":6,"column":151}},"line":6},"5":{"name":"(anonymous_5)","decl":{"start":{"line":6,"column":76},"end":{"line":6,"column":77}},"loc":{"start":{"line":6,"column":95},"end":{"line":6,"column":121}},"line":6},"6":{"name":"(anonymous_6)","decl":{"start":{"line":16,"column":4},"end":{"line":16,"column":5}},"loc":{"start":{"line":16,"column":18},"end":{"line":19,"column":5}},"line":16},"7":{"name":"(anonymous_7)","decl":{"start":{"line":20,"column":4},"end":{"line":20,"column":5}},"loc":{"start":{"line":20,"column":21},"end":{"line":22,"column":5}},"line":20},"8":{"name":"(anonymous_8)","decl":{"start":{"line":23,"column":4},"end":{"line":23,"column":5}},"loc":{"start":{"line":23,"column":25},"end":{"line":32,"column":5}},"line":23},"9":{"name":"(anonymous_9)","decl":{"start":{"line":24,"column":47},"end":{"line":24,"column":48}},"loc":{"start":{"line":24,"column":60},"end":{"line":31,"column":9}},"line":24},"10":{"name":"(anonymous_10)","decl":{"start":{"line":33,"column":4},"end":{"line":33,"column":5}},"loc":{"start":{"line":33,"column":26},"end":{"line":42,"column":5}},"line":33},"11":{"name":"(anonymous_11)","decl":{"start":{"line":34,"column":47},"end":{"line":34,"column":48}},"loc":{"start":{"line":34,"column":60},"end":{"line":41,"column":9}},"line":34},"12":{"name":"(anonymous_12)","decl":{"start":{"line":43,"column":4},"end":{"line":43,"column":5}},"loc":{"start":{"line":43,"column":22},"end":{"line":50,"column":5}},"line":43},"13":{"name":"(anonymous_13)","decl":{"start":{"line":47,"column":43},"end":{"line":47,"column":44}},"loc":{"start":{"line":47,"column":61},"end":{"line":49,"column":9}},"line":47}},"branchMap":{"0":{"loc":{"start":{"line":2,"column":16},"end":{"line":9,"column":1}},"type":"binary-expr","locations":[{"start":{"line":2,"column":17},"end":{"line":2,"column":21}},{"start":{"line":2,"column":25},"end":{"line":2,"column":39}},{"start":{"line":2,"column":44},"end":{"line":9,"column":1}}],"line":2},"1":{"loc":{"start":{"line":3,"column":16},"end":{"line":3,"column":34}},"type":"binary-expr","locations":[{"start":{"line":3,"column":16},"end":{"line":3,"column":17}},{"start":{"line":3,"column":22},"end":{"line":3,"column":33}}],"line":3},"2":{"loc":{"start":{"line":6,"column":32},"end":{"line":6,"column":148}},"type":"cond-expr","locations":[{"start":{"line":6,"column":46},"end":{"line":6,"column":67}},{"start":{"line":6,"column":70},"end":{"line":6,"column":148}}],"line":6},"3":{"loc":{"start":{"line":7,"column":51},"end":{"line":7,"column":67}},"type":"binary-expr","locations":[{"start":{"line":7,"column":51},"end":{"line":7,"column":61}},{"start":{"line":7,"column":65},"end":{"line":7,"column":67}}],"line":7},"4":{"loc":{"start":{"line":27,"column":40},"end":{"line":27,"column":79}},"type":"cond-expr","locations":[{"start":{"line":27,"column":50},"end":{"line":27,"column":74}},{"start":{"line":27,"column":77},"end":{"line":27,"column":79}}],"line":27},"5":{"loc":{"start":{"line":37,"column":40},"end":{"line":37,"column":79}},"type":"cond-expr","locations":[{"start":{"line":37,"column":50},"end":{"line":37,"column":74}},{"start":{"line":37,"column":77},"end":{"line":37,"column":79}}],"line":37},"6":{"loc":{"start":{"line":44,"column":8},"end":{"line":46,"column":9}},"type":"if","locations":[{"start":{"line":44,"column":8},"end":{"line":46,"column":9}},{"start":{"line":44,"column":8},"end":{"line":46,"column":9}}],"line":44},"7":{"loc":{"start":{"line":44,"column":12},"end":{"line":44,"column":52}},"type":"binary-expr","locations":[{"start":{"line":44,"column":12},"end":{"line":44,"column":27}},{"start":{"line":44,"column":31},"end":{"line":44,"column":52}}],"line":44}},"s":{"0":1,"1":0,"2":0,"3":0,"4":0,"5":0,"6":0,"7":0,"8":0,"9":0,"10":0,"11":1,"12":1,"13":1,"14":1,"15":1,"16":0,"17":0,"18":0,"19":0,"20":0,"21":0,"22":0,"23":0,"24":0,"25":0,"26":0,"27":0,"28":0,"29":0,"30":0,"31":0,"32":0,"33":0,"34":0,"35":1},"f":{"0":0,"1":0,"2":0,"3":0,"4":0,"5":0,"6":0,"7":0,"8":0,"9":0,"10":0,"11":0,"12":0,"13":0},"b":{"0":[1,1,1],"1":[0,0],"2":[0,0],"3":[0,0],"4":[0,0],"5":[0,0],"6":[0,0],"7":[0,0]},"_coverageSchema":"332fd63041d2c1bcb487cc26dd0d5f7d97098a6c","hash":"2c93857e8c1cee3f0f830a7f7e56c006447bff0e","contentHash":"bd85a88388787a1562bff1c4bfe1a571_11.6.0"},"/home/remipassmoilesel/projects/companion-kube/build/lib/app-executor/AnsibleExecutor.js":{"path":"/home/remipassmoilesel/projects/companion-kube/build/lib/app-executor/AnsibleExecutor.js","statementMap":{"0":{"start":{"line":2,"column":16},"end":{"line":9,"column":1}},"1":{"start":{"line":3,"column":4},"end":{"line":8,"column":7}},"2":{"start":{"line":4,"column":36},"end":{"line":4,"column":97}},"3":{"start":{"line":4,"column":42},"end":{"line":4,"column":70}},"4":{"start":{"line":4,"column":85},"end":{"line":4,"column":95}},"5":{"start":{"line":5,"column":35},"end":{"line":5,"column":100}},"6":{"start":{"line":5,"column":41},"end":{"line":5,"column":73}},"7":{"start":{"line":5,"column":88},"end":{"line":5,"column":98}},"8":{"start":{"line":6,"column":32},"end":{"line":6,"column":149}},"9":{"start":{"line":6,"column":97},"end":{"line":6,"column":119}},"10":{"start":{"line":7,"column":8},"end":{"line":7,"column":78}},"11":{"start":{"line":10,"column":0},"end":{"line":10,"column":62}},"12":{"start":{"line":11,"column":10},"end":{"line":11,"column":27}},"13":{"start":{"line":12,"column":11},"end":{"line":12,"column":24}},"14":{"start":{"line":13,"column":13},"end":{"line":13,"column":28}},"15":{"start":{"line":14,"column":30},"end":{"line":14,"column":62}},"16":{"start":{"line":15,"column":17},"end":{"line":15,"column":42}},"17":{"start":{"line":18,"column":8},"end":{"line":18,"column":28}},"18":{"start":{"line":19,"column":8},"end":{"line":19,"column":56}},"19":{"start":{"line":20,"column":8},"end":{"line":20,"column":44}},"20":{"start":{"line":23,"column":8},"end":{"line":23,"column":54}},"21":{"start":{"line":26,"column":8},"end":{"line":32,"column":11}},"22":{"start":{"line":27,"column":12},"end":{"line":29,"column":13}},"23":{"start":{"line":28,"column":16},"end":{"line":28,"column":34}},"24":{"start":{"line":30,"column":33},"end":{"line":30,"column":76}},"25":{"start":{"line":31,"column":12},"end":{"line":31,"column":67}},"26":{"start":{"line":35,"column":8},"end":{"line":41,"column":11}},"27":{"start":{"line":36,"column":12},"end":{"line":38,"column":13}},"28":{"start":{"line":37,"column":16},"end":{"line":37,"column":34}},"29":{"start":{"line":39,"column":33},"end":{"line":39,"column":77}},"30":{"start":{"line":40,"column":12},"end":{"line":40,"column":67}},"31":{"start":{"line":44,"column":8},"end":{"line":48,"column":11}},"32":{"start":{"line":45,"column":34},"end":{"line":45,"column":69}},"33":{"start":{"line":46,"column":28},"end":{"line":46,"column":82}},"34":{"start":{"line":47,"column":12},"end":{"line":47,"column":50}},"35":{"start":{"line":51,"column":25},"end":{"line":53,"column":13}},"36":{"start":{"line":52,"column":12},"end":{"line":52,"column":41}},"37":{"start":{"line":54,"column":8},"end":{"line":57,"column":9}},"38":{"start":{"line":55,"column":12},"end":{"line":56,"column":39}},"39":{"start":{"line":58,"column":8},"end":{"line":61,"column":9}},"40":{"start":{"line":59,"column":34},"end":{"line":59,"column":60}},"41":{"start":{"line":60,"column":12},"end":{"line":60,"column":73}},"42":{"start":{"line":62,"column":8},"end":{"line":62,"column":29}},"43":{"start":{"line":65,"column":30},"end":{"line":65,"column":101}},"44":{"start":{"line":66,"column":30},"end":{"line":66,"column":68}},"45":{"start":{"line":67,"column":8},"end":{"line":69,"column":9}},"46":{"start":{"line":68,"column":12},"end":{"line":68,"column":81}},"47":{"start":{"line":70,"column":8},"end":{"line":70,"column":29}},"48":{"start":{"line":73,"column":0},"end":{"line":73,"column":42}}},"fnMap":{"0":{"name":"(anonymous_0)","decl":{"start":{"line":2,"column":44},"end":{"line":2,"column":45}},"loc":{"start":{"line":2,"column":89},"end":{"line":9,"column":1}},"line":2},"1":{"name":"(anonymous_1)","decl":{"start":{"line":3,"column":36},"end":{"line"
[...]
0,"column":108}},{"start":{"line":90,"column":112},"end":{"line":90,"column":132}}],"line":90},"10":{"loc":{"start":{"line":94,"column":8},"end":{"line":96,"column":9}},"type":"if","locations":[{"start":{"line":94,"column":8},"end":{"line":96,"column":9}},{"start":{"line":94,"column":8},"end":{"line":96,"column":9}}],"line":94},"11":{"loc":{"start":{"line":102,"column":8},"end":{"line":105,"column":9}},"type":"if","locations":[{"start":{"line":102,"column":8},"end":{"line":105,"column":9}},{"start":{"line":102,"column":8},"end":{"line":105,"column":9}}],"line":102},"12":{"loc":{"start":{"line":126,"column":38},"end":{"line":126,"column":60}},"type":"binary-expr","locations":[{"start":{"line":126,"column":38},"end":{"line":126,"column":50}},{"start":{"line":126,"column":54},"end":{"line":126,"column":60}}],"line":126},"13":{"loc":{"start":{"line":135,"column":19},"end":{"line":135,"column":68}},"type":"cond-expr","locations":[{"start":{"line":135,"column":33},"end":{"line":135,"column":51}},{"start":{"line":135,"column":54},"end":{"line":135,"column":68}}],"line":135}},"s":{"0":1,"1":0,"2":0,"3":0,"4":0,"5":0,"6":0,"7":0,"8":0,"9":0,"10":0,"11":1,"12":1,"13":1,"14":1,"15":1,"16":1,"17":0,"18":0,"19":0,"20":0,"21":0,"22":0,"23":0,"24":0,"25":0,"26":0,"27":0,"28":0,"29":0,"30":0,"31":0,"32":0,"33":0,"34":0,"35":0,"36":0,"37":0,"38":0,"39":0,"40":0,"41":0,"42":0,"43":0,"44":0,"45":0,"46":0,"47":0,"48":0,"49":0,"50":0,"51":0,"52":0,"53":0,"54":0,"55":0,"56":0,"57":0,"58":0,"59":0,"60":0,"61":0,"62":0,"63":0,"64":0,"65":0,"66":0,"67":0,"68":0,"69":0,"70":0,"71":0,"72":0,"73":0,"74":0,"75":0,"76":0,"77":0,"78":0,"79":0,"80":0,"81":0,"82":0,"83":0,"84":0,"85":0,"86":0,"87":0,"88":0,"89":0,"90":0,"91":1},"f":{"0":0,"1":0,"2":0,"3":0,"4":0,"5":0,"6":0,"7":0,"8":0,"9":0,"10":0,"11":0,"12":0,"13":0,"14":0,"15":0,"16":0,"17":0,"18":0,"19":0,"20":0,"21":0,"22":0,"23":0,"24":0,"25":0,"26":0,"27":0},"b":{"0":[1,1,1],"1":[0,0],"2":[0,0],"3":[0,0],"4":[0,0],"5":[0,0],"6":[0,0],"7":[0,0],"8":[0,0],"9":[0,0],"10":[0,0],"11":[0,0],"12":[0,0],"13":[0,0]},"_coverageSchema":"332fd63041d2c1bcb487cc26dd0d5f7d97098a6c","hash":"9afff3a1fca3e59b11cb40efd220658987f0530c","contentHash":"5ad6df0bebd77ea2645747ed830349b9_11.6.0"},"/home/remipassmoilesel/projects/companion-kube/build/lib/misc/utils.js":{"path":"/home/remipassmoilesel/projects/companion-kube/build/lib/misc/utils.js","statementMap":{"0":{"start":{"line":2,"column":16},"end":{"line":9,"column":1}},"1":{"start":{"line":3,"column":4},"end":{"line":8,"column":7}},"2":{"start":{"line":4,"column":36},"end":{"line":4,"column":97}},"3":{"start":{"line":4,"column":42},"end":{"line":4,"column":70}},"4":{"start":{"line":4,"column":85},"end":{"line":4,"column":95}},"5":{"start":{"line":5,"column":35},"end":{"line":5,"column":100}},"6":{"start":{"line":5,"column":41},"end":{"line":5,"column":73}},"7":{"start":{"line":5,"column":88},"end":{"line":5,"column":98}},"8":{"start":{"line":6,"column":32},"end":{"line":6,"column":149}},"9":{"start":{"line":6,"column":97},"end":{"line":6,"column":119}},"10":{"start":{"line":7,"column":8},"end":{"line":7,"column":78}},"11":{"start":{"line":10,"column":0},"end":{"line":10,"column":62}},"12":{"start":{"line":12,"column":4},"end":{"line":30,"column":7}},"13":{"start":{"line":13,"column":23},"end":{"line":13,"column":25}},"14":{"start":{"line":14,"column":8},"end":{"line":24,"column":9}},"15":{"start":{"line":15,"column":12},"end":{"line":23,"column":13}},"16":{"start":{"line":16,"column":16},"end":{"line":16,"column":30}},"17":{"start":{"line":19,"column":16},"end":{"line":22,"column":19}},"18":{"start":{"line":25,"column":8},"end":{"line":29,"column":9}},"19":{"start":{"line":26,"column":24},"end":{"line":26,"column":68}},"20":{"start":{"line":27,"column":12},"end":{"line":27,"column":36}},"21":{"start":{"line":28,"column":12},"end":{"line":28,"column":22}},"22":{"start":{"line":32,"column":0},"end":{"line":32,"column":44}}},"fnMap":{"0":{"name":"(anonymous_0)","decl":{"start":{"line":2,"column":44},"end":{"line":2,"column":45}},"loc":{"start":{"line":2,"column":89},"end":{"line":9,"column":1}},"line":2},"1":{"name":"(anonymous_1)","decl":{"start":{"line":3,"column":36},"end":{"line":3,"column":37}},"loc":{"start":{"line":3,"column":63},"end":{"line":8,"column":5}},"line":3},"2":{"name":"fulfilled","decl":{"start":{"line":4,"column":17},"end":{"line":4,"column":26}},"loc":{"start":{"line":4,"column":34},"end":{"line":4,"column":99}},"line":4},"3":{"name":"rejected","decl":{"start":{"line":5,"column":17},"end":{"line":5,"column":25}},"loc":{"start":{"line":5,"column":33},"end":{"line":5,"column":102}},"line":5},"4":{"name":"step","decl":{"start":{"line":6,"column":17},"end":{"line":6,"column":21}},"loc":{"start":{"line":6,"column":30},"end":{"line":6,"column":151}},"line":6},"5":{"name":"(anonymous_5)","decl":{"start":{"line":6,"column":76},"end":{"line":6,"column":77}},"loc":{"start":{"line":6,"column":95},"end":{"line":6,"column":121}},"line":6},"6":{"name":"walkApplications","decl":{"start":{"line":11,"column":9},"end":{"line":11,"column":25}},"loc":{"start":{"line":11,"column":36},"end":{"line":31,"column":1}},"line":11},"7":{"name":"(anonymous_7)","decl":{"start":{"line":12,"column":43},"end":{"line":12,"column":44}},"loc":{"start":{"line":12,"column":56},"end":{"line":30,"column":5}},"line":12}},"branchMap":{"0":{"loc":{"start":{"line":2,"column":16},"end":{"line":9,"column":1}},"type":"binary-expr","locations":[{"start":{"line":2,"column":17},"end":{"line":2,"column":21}},{"start":{"line":2,"column":25},"end":{"line":2,"column":39}},{"start":{"line":2,"column":44},"end":{"line":9,"column":1}}],"line":2},"1":{"loc":{"start":{"line":3,"column":16},"end":{"line":3,"column":34}},"type":"binary-expr","locations":[{"start":{"line":3,"column":16},"end":{"line":3,"column":17}},{"start":{"line":3,"column":22},"end":{"line":3,"column":33}}],"line":3},"2":{"loc":{"start":{"line":6,"column":32},"end":{"line":6,"column":148}},"type":"cond-expr","locations":[{"start":{"line":6,"column":46},"end":{"line":6,"column":67}},{"start":{"line":6,"column":70},"end":{"line":6,"column":148}}],"line":6},"3":{"loc":{"start":{"line":7,"column":51},"end":{"line":7,"column":67}},"type":"binary-expr","locations":[{"start":{"line":7,"column":51},"end":{"line":7,"column":61}},{"start":{"line":7,"column":65},"end":{"line":7,"column":67}}],"line":7},"4":{"loc":{"start":{"line":25,"column":8},"end":{"line":29,"column":9}},"type":"if","locations":[{"start":{"line":25,"column":8},"end":{"line":29,"column":9}},{"start":{"line":25,"column":8},"end":{"line":29,"column":9}}],"line":25}},"s":{"0":1,"1":0,"2":0,"3":0,"4":0,"5":0,"6":0,"7":0,"8":0,"9":0,"10":0,"11":1,"12":0,"13":0,"14":0,"15":0,"16":0,"17":0,"18":0,"19":0,"20":0,"21":0,"22":1},"f":{"0":0,"1":0,"2":0,"3":0,"4":0,"5":0,"6":0,"7":0},"b":{"0":[1,1,1],"1":[0,0],"2":[0,0],"3":[0,0],"4":[0,0]},"_coverageSchema":"332fd63041d2c1bcb487cc26dd0d5f7d97098a6c","hash":"3157a9aeae825de50997c6bced6391dc791aa41c","contentHash":"4e879e6c70d877277645a1b4c1fff14d_11.6.0"},"/home/remipassmoilesel/projects/companion-kube/build/lib/cli-handlers/AppHandlers.js":{"path":"/home/remipassmoilesel/projects/companion-kube/build/lib/cli-handlers/AppHandlers.js","statementMap":{"0":{"start":{"line":2,"column":16},"end":{"line":9,"column":1}},"1":{"start":{"line":3,"column":4},"end":{"line":8,"column":7}},"2":{"start":{"line":4,"column":36},"end":{"line":4,"column":97}},"3":{"start":{"line":4,"column":42},"end":{"line":4,"column":70}},"4":{"start":{"line":4,"column":85},"end":{"line":4,"column":95}},"5":{"start":{"line":5,"column":35},"end":{"line":5,"column":100}},"6":{"start":{"line":5,"column":41},"end":{"line":5,"column":73}},"7":{"start":{"line":5,"column":88},"end":{"line":5,"column":98}},"8":{"start":{"line":6,"column":32},"end":{"line":6,"column":149}},"9":{"start":{"line":6,"column":97},"end":{"line":6,"column":119}},"10":{"start":{"line":7,"column":8},"end":{"line":7,"column":78}},"11":{"start":{"line":10,"column":0},"end":{"line":10,"column":62}},"12":{"start":{"line":11,"column":24},"end":{"line":11,"column":55}},"13":{"start":{"line":12,"column":35},"end":{"line":12,"column":72}},"14":{"start":{"line":15,"column":8},"end":{"line":22,"column":11}},"15":{"start":{"line":16,"column":12},"end":{"line":16,"column":41}},"16":{"start":{"line":17,"column":12},"end":{"line":17,"column":38}},"17":{"start":{"line":18,"column":38},"end":{"line":18,"column":83}},"18":{"start":{"line":19,"column":12},"end":{"line":19,"column":102}},"19":{"start":{"line":20,"column":12},"end":{"line":20,"column":48}},"20":{"start":{"line":21,"column":12},"end":{"line":21,"column":58}},"21":{"start":{"line":25,"column":8},"end":{"line":40,"column":11}},"22":{"start":{"line":26,"column":12},"end":{"line":26,"column":41}},"23":{"start":{"line":27,"column":12},"end":{"line":27,"column":38}},"24":{"start":{"line":28,"column":38},"end":{"line":28,"column":83}},"25":{"start":{"line":29,"column":12},"end":{"line":29,"column":104}},"26":{"start":{"line":30,"column":12},"end":{"line":36,"column":13}},"27":{"start":{"line":31,"column":16},"end":{"line":31,"column":63}},"28":{"start":{"line":34,"column":16},"end":{"line":34,"column":66}},"29":{"start":{"line":35,"column":16},"end":{"line":35,"column":36}},"30":{"start":{"line":37,"column":12},"end":{"line":37,"column":31}},"31":{"start":{"line":38,"column":12},"end":{"line":38,"column":48}},"32":{"start":{"line":39,"column":12},"end":{"line":39,"column":58}},"33":{"start":{"line":43,"column":8},"end":{"line":49,"column":11}},"34":{"start":{"line":44,"column":12},"end":{"line":44,"column":41}},"35":{"start":{"line":45,"column":12},"end":{"line":45,"column":38}},"36":{"start":{"line":46,"column":38},"end":{"line":46,"column":83}},"37":{"start":{"line":47,"column":12},"end":{"line":47,"column":103}},"38":{"start":{"line":48,"column":12},"end":{"line":48,"column":59}},"39":{"start":{"line":52,"column":0},"end":{"line":52,"column":34}}},"fnMap":{"0":{"name":"(anonymous_0)","decl":{"start":{"line":2,"column":44},"end":{"line":2,"column":45}},"loc":{"start":{"line":2,"column":89},"end":{"line":9,"column":1}},"line":2},"1":{"name":"(anonymous_1)","decl":{"start":{"line":3,"column":36},"end":{"line":3,"column":37}},"loc":{"start":{"line":3,"column":63},"end":{"line":8,"column":5}},"line":3},"2":{"name":"fulfilled","decl":{"start":{"line":4,"column":17},"end":{"line":4,"column":26}},"loc":{"start":{"line":4,"column":34},"end":{"line":4,"column":99}},"line":4},"3":{"name":"rejected","decl":{"start":{"line":5,"column":17},"end":{"line":5,"column":25}},"loc":{"start":{"line":5,"column":33},"end":{"line":5,"column":102}},"line":5},"4":{"name":"step","decl":{"start":{"line":6,"column":17},"end":{"line":6,"column":21}},"loc":{"start":{"line":6,"column":30},"end":{"line":6,"column":151}},"line":6},"5":{"name":"(anonymous_5)","decl":{"start":{"line":6,"column":76},"end":{"line":6,"column":77}},"loc":{"start":{"line":6,"column":95},"end":{"line":6,"column":121}},"line":6},"6":{"name":"(anonymous_6)","decl":{"start":{"line":14,"column":4},"end":{"line":14,"column":5}},"loc":{"start":{"line":14,"column":47},"end":{"line":23,"column":5}},"line":14},"7":{"name":"(anonymous_7)","decl":{"start":{"line":15,"column":47},"end":{"line":15,"column":48}},"loc":{"start":{"line":15,"column":60},"end":{"line":22,"column":9}},"line":15},"8":{"name":"(anonymous_8)","decl":{"start":{"line":24,"column":4},"end":{"line":24,"column":5}},"loc":{"start":{"line":24,"column":49},"end":{"line":41,"column":5}},"line":24},"9":{"name":"(anonymous_9)","decl":{"start":{"line":25,"column":47},"end":{"line":25,"column":48}},"loc":{"start":{"line":25,"column":60},"end":{"line":40,"column":9}},"line":25},"10":{"name":"(anonymous_10)","decl":{"start":{"line":42,"column":4},"end":{"line":42,"column":5}},"loc":{"start":{"line":42,"column":48},"end":{"line":50,"column":5}},"line":42},"11":{"name":"(anonymous_11)","decl":{"start":{"line":43,"column":47},"end":{"line":43,"column":48}},"loc":{"start":{"line":43,"column":60},"end":{"line":49,"column":9}},"line":43}},"branchMap":{"0":{"loc":{"start":{"line":2,"column":16},"end":{"line":9,"column":1}},"type":"binary-expr","locations":[{"start":{"line":2,"column":17},"end":{"line":2,"column":21}},{"start":{"line":2,"column":25},"end":{"line":2,"column":39}},{"start":{"line":2,"column":44},"end":{"line":9,"column":1}}],"line":2},"1":{"loc":{"start":{"line":3,"column":16},"end":{"line":3,"column":34}},"type":"binary-expr","locations":[{"start":{"line":3,"column":16},"end":{"line":3,"column":17}},{"start":{"line":3,"column":22},"end":{"line":3,"column":33}}],"line":3},"2":{"loc":{"start":{"line":6,"column":32},"end":{"line":6,"column":148}},"type":"cond-expr","locations":[{"start":{"line":6,"column":46},"end":{"line":6,"column":67}},{"start":{"line":6,"column":70},"end":{"line":6,"column":148}}],"line":6},"3":{"loc":{"start":{"line":7,"column":51},"end":{"line":7,"column":67}},"type":"binary-expr","locations":[{"start":{"line":7,"column":51},"end":{"line":7,"column":61}},{"start":{"line":7,"column":65},"end":{"line":7,"column":67}}],"line":7}},"s":{"0":1,"1":0,"2":0,"3":0,"4":0,"5":0,"6":0,"7":0,"8":0,"9":0,"10":0,"11":1,"12":1,"13":1,"14":0,"15":0,"16":0,"17":0,"18":0,"19":0,"20":0,"21":0,"22":0,"23":0,"24":0,"25":0,"26":0,"27":0,"28":0,"29":0,"30":0,"31":0,"32":0,"33":0,"34":0,"35":0,"36":0,"37":0,"38":0,"39":1},"f":{"0":0,"1":0,"2":0,"3":0,"4":0,"5":0,"6":0,"7":0,"8":0,"9":0,"10":0,"11":0},"b":{"0":[1,1,1],"1":[0,0],"2":[0,0],"3":[0,0]},"_coverageSchema":"332fd63041d2c1bcb487cc26dd0d5f7d97098a6c","hash":"4809c5b8cefd411fac0b1a5c63b426f151fda42e","contentHash":"dc6cc2c4f2fdbbf850f82c79fb9d434f_11.6.0"},"/home/remipassmoilesel/projects/companion-kube/build/lib/cli-handlers/ClusterHandlers.js":{"path":"/home/remipassmoilesel/projects/companion-kube/build/lib/cli-handlers/ClusterHandlers.js","statementMap":{"0":{"start":{"line":2,"column":0},"end":{"line":2,"column":62}},"1":{"start":{"line":3,"column":35},"end":{"line":3,"column":72}},"2":{"start":{"line":6,"column":8},"end":{"line":6,"column":49}},"3":{"start":{"line":9,"column":8},"end":{"line":9,"column":49}},"4":{"start":{"line":12,"column":0},"end":{"line":12,"column":42}}},"fnMap":{"0":{"name":"(anonymous_0)","decl":{"start":{"line":5,"column":4},"end":{"line":5,"column":5}},"loc":{"start":{"line":5,"column":25},"end":{"line":7,"column":5}},"line":5},"1":{"name":"(anonymous_1)","decl":{"start":{"line":8,"column":4},"end":{"line":8,"column":5}},"loc":{"start":{"line":8,"column":24},"end":{"line":10,"column":5}},"line":8}},"branchMap":{},"s":{"0":1,"1":1,"2":0,"3":0,"4":1},"f":{"0":0,"1":0},"b":{},"_coverageSchema":"332fd63041d2c1bcb487cc26dd0d5f7d97098a6c","hash":"76c404a031d1f10b3b247cf0f1a8feedaa40c1b0","contentHash":"8181d6a1d098090f254a508499761dbd_11.6.0"},"/home/remipassmoilesel/projects/companion-kube/build/lib/cli/Help.js":{"path":"/home/remipassmoilesel/projects/companion-kube/build/lib/cli/Help.js","statementMap":{"0":{"start":{"line":2,"column":0},"end":{"line":2,"column":62}},"1":{"start":{"line":5,"column":0},"end":{"line":11,"column":2}},"2":{"start":{"line":12,"column":0},"end":{"line":13,"column":93}},"3":{"start":{"line":14,"column":0},"end":{"line":15,"column":71}},"4":{"start":{"line":16,"column":0},"end":{"line":16,"column":52}},"5":{"start":{"line":17,"column":0},"end":{"line":17,"column":45}},"6":{"start":{"line":18,"column":0},"end":{"line":19,"column":69}},"7":{"start":{"line":20,"column":0},"end":{"line":21,"column":80}},"8":{"start":{"line":22,"column":0},"end":{"line":23,"column":79}},"9":{"start":{"line":24,"column":0},"end":{"line":24,"column":69}},"10":{"start":{"line":25,"column":0},"end":{"line":25,"column":73}},"11":{"start":{"line":26,"column":0},"end":{"line":26,"column":71}},"12":{"start":{"line":27,"column":0},"end":{"line":27,"column":65}},"13":{"start":{"line":28,"column":0},"end":{"line":28,"column":95}},"14":{"start":{"line":29,"column":0},"end":{"line":29,"column":20}}},"fnMap":{},"branchMap":{},"s":{"0":1,"1":1,"2":1,"3":1,"4":1,"5":1,"6":1,"7":1,"8":1,"9":1,"10":1,"11":1,"12":1,"13":1,"14":1},"f":{},"b":{},"_coverageSchema":"332fd63041d2c1bcb487cc26dd0d5f7d97098a6c","hash":"996fa2fff1fcf9ed320eddbe74f5e1c91f96afe3","contentHash":"5e4f6ad491b7969ed7c181cb5a5e75ab_11.6.0"},"/home/remipassmoilesel/projects/companion-kube/build/tests/prerequisites/PrerequisitesCheckerSpec.js":{"path":"/home/remipassmoilesel/projects/companion-kube/build/tests/prerequisites/PrerequisitesCheckerSpec.js","statementMap":{"0":{"start":{"line":2,"column":0},"end":{"line":2,"column":62}},"1":{"start":{"line":3,"column":13},"end":{"line":3,"column":28}},"2":{"start":{"line":4,"column":14},"end":{"line":4,"column":30}},"3":{"start":{"line":5,"column":30},"end":{"line":5,"column":84}},"4":{"start":{"line":6,"column":15},"end":{"line":6,"column":26}},"5":{"start":{"line":7,"column":0},"end":{"line":39,"column":3}},"6":{"start":{"line":8,"column":4},"end":{"line":8,"column":23}},"7":{"start":{"line":9,"column":23},"end":{"line":14,"column":5}},"8":{"start":{"line":15,"column":23},"end":{"line":17,"column":5}},"9":{"start":{"line":20,"column":4},"end":{"line":23,"column":7}},"10":{"start":{"line":21,"column":8},"end":{"line":21,"column":82}},"11":{"start":{"line":22,"column":8},"end":{"line":22,"column":57}},"12":{"start":{"line":24,"column":4},"end":{"line":26,"column":7}},"13":{"start":{"line":25,"column":8},"end":{"line":25,"column":33}},"14":{"start":{"line":27,"column":4},"end":{"line":31,"column":7}},"15":{"start":{"line":28,"column":24},"end":{"line":28,"column":63}},"16":{"start":{"line":29,"column":8},"end":{"line":29,"column":48}},"17":{"start":{"line":30,"column":8},"end":{"line":30,"column":32}},"18":{"start":{"line":32,"column":4},"end":{"line":38,"column":7}},"19":{"start":{"line":33,"column":8},"end":{"line":33,"column":51}},"20":{"start":{"line":34,"column":24},"end":{"line":34,"column":63}},"21":{"start":{"line":35,"column":8},"end":{"line":35,"column":48}},"22":{"start":{"line":36,"column":8},"end":{"line":36,"column":36}},"23":{"start":{"line":37,"column":8},"end":{"line":37,"column":58}}},"fnMap":{"0":{"name":"(anonymous_0)","decl":{"start":{"line":7,"column":36},"end":{"line":7,"column":37}},"loc":{"start":{"line":7,"column":48},"end":{"line":39,"column":1}},"line":7},"1":{"name":"(anonymous_1)","decl":{"start":{"line":20,"column":15},"end":{"line":20,"column":16}},"loc":{"start":{"line":20,"column":21},"end":{"line":23,"column":5}},"line":20},"2":{"name":"(anonymous_2)","decl":{"start":{"line":24,"column":14},"end":{"line":24,"column":15}},"loc":{"start":{"line":24,"column":20},"end":{"line":26,"column":5}},"line":24},"3":{"name":"(anonymous_3)","decl":{"start":{"line":27,"column":63},"end":{"line":27,"column":64}},"loc":{"start":{"line":27,"column":69},"end":{"line":31,"column":5}},"line":27},"4":{"name":"(anonymous_4)","decl":{"start":{"line":32,"column":69},"end":{"line":32,"column":70}},"loc":{"start":{"line":32,"column":75},"end":{"line":38,"column":5}},"line":32}},"branchMap":{},"s":{"0":1,"1":1,"2":1,"3":1,"4":1,"5":1,"6":1,"7":1,"8":1,"9":1,"10":2,"11":2,"12":1,"13":2,"14":1,"15":1,"16":1,"17":1,"18":1,"19":1,"20":1,"21":1,"22":1,"23":1},"f":{"0":1,"1":2,"2":2,"3":1,"4":1},"b":{},"_coverageSchema":"332fd63041d2c1bcb487cc26dd0d5f7d97098a6c","hash":"9a9fedf0a087decd2be0503ffcaf0916471c3eeb","contentHash":"c51cb7f8be7c3c5fa3497550a9bad2c0_11.6.0"},"/home/remipassmoilesel/projects/companion-kube/build/tests/setupSpec.js":{"path":"/home/remipassmoilesel/projects/companion-kube/build/tests/setupSpec.js","statementMap":{"0":{"start":{"line":2,"column":25},"end":{"line":2,"column":54}},"1":{"start":{"line":3,"column":0},"end":{"line":3,"column":27}}},"fnMap":{},"branchMap":{},"s":{"0":1,"1":1},"f":{},"b":{},"_coverageSchema":"332fd63041d2c1bcb487cc26dd0d5f7d97098a6c","hash":"75acfa585bbf554de8b3518bd1c3f7428cf3f967","contentHash":"35a8c22353e2dae54910e50c5ed7f3db_11.6.0"}}